#
# There is insufficient memory for the Java Runtime Environment to continue.
# Native memory allocation (malloc) failed to allocate 32744 bytes for ChunkPool::allocate
# Possible reasons:
#   The system is out of physical RAM or swap space
#   In 32 bit mode, the process size limit was hit
# Possible solutions:
#   Reduce memory load on the system
#   Increase physical memory or swap space
#   Check if swap backing store is full
#   Use 64 bit Java on a 64 bit OS
#   Decrease Java heap size (-Xmx/-Xms)
#   Decrease number of Java threads
#   Decrease Java thread stack sizes (-Xss)
#   Set larger code cache with -XX:ReservedCodeCacheSize=
# This output file may be truncated or incomplete.
#
#  Out of Memory Error (allocation.cpp:273), pid=7004, tid=8116
#
# JRE version: Java(TM) SE Runtime Environment (8.0_65-b17) (build 1.8.0_65-b17)
# Java VM: Java HotSpot(TM) 64-Bit Server VM (25.65-b01 mixed mode windows-amd64 compressed oops)
# Failed to write core dump. Minidumps are not enabled by default on client versions of Windows
#

---------------  T H R E A D  ---------------

Current thread (0x0000000056780800):  JavaThread "C2 CompilerThread1" daemon [_thread_in_native, id=8116, stack(0x0000000056f60000,0x0000000057060000)]

Stack: [0x0000000056f60000,0x0000000057060000]
[error occurred during error reporting (printing stack bounds), id 0xc0000005]

Native frames: (J=compiled Java code, j=interpreted, Vv=VM code, C=native code)


Current CompileTask:
C2:   1768  519       4       com.android.dx.rop.code.RegisterSpecSet::mutableCopy (57 bytes)


---------------  P R O C E S S  ---------------

Java Threads: ( => current thread )
  0x000000005696a000 JavaThread "pool-1-thread-4" [_thread_blocked, id=3396, stack(0x0000000057ae0000,0x0000000057be0000)]
  0x0000000056967000 JavaThread "pool-1-thread-3" [_thread_in_Java, id=4120, stack(0x0000000057990000,0x0000000057a90000)]
  0x0000000056966800 JavaThread "pool-1-thread-2" [_thread_blocked, id=6696, stack(0x0000000057850000,0x0000000057950000)]
  0x0000000056958000 JavaThread "pool-2-thread-1" [_thread_blocked, id=7568, stack(0x0000000057730000,0x0000000057830000)]
  0x0000000056953000 JavaThread "pool-1-thread-1" [_thread_blocked, id=4612, stack(0x0000000056ca0000,0x0000000056da0000)]
  0x00000000567dd000 JavaThread "Service Thread" daemon [_thread_blocked, id=3156, stack(0x0000000057340000,0x0000000057440000)]
  0x000000005679a800 JavaThread "C1 CompilerThread2" daemon [_thread_in_native, id=6264, stack(0x0000000057130000,0x0000000057230000)]
=>0x0000000056780800 JavaThread "C2 CompilerThread1" daemon [_thread_in_native, id=8116, stack(0x0000000056f60000,0x0000000057060000)]
  0x0000000056772800 JavaThread "C2 CompilerThread0" daemon [_thread_in_native, id=5072, stack(0x0000000056dc0000,0x0000000056ec0000)]
  0x00000000551f4800 JavaThread "Attach Listener" daemon [_thread_blocked, id=4044, stack(0x0000000056330000,0x0000000056430000)]
  0x00000000551f3000 JavaThread "Signal Dispatcher" daemon [_thread_blocked, id=3860, stack(0x0000000056ba0000,0x0000000056ca0000)]
  0x0000000055192000 JavaThread "Finalizer" daemon [_thread_blocked, id=3984, stack(0x0000000056670000,0x0000000056770000)]
  0x0000000055190800 JavaThread "Reference Handler" daemon [_thread_blocked, id=2728, stack(0x00000000564b0000,0x00000000565b0000)]
  0x000000000227e800 JavaThread "main" [_thread_blocked, id=6332, stack(0x0000000002540000,0x0000000002640000)]

Other Threads:
  0x000000005518b000 VMThread [stack: 0x0000000056200000,0x0000000056300000] [id=672]
  0x00000000567e6000 WatcherThread [stack: 0x0000000057510000,0x0000000057610000] [id=1256]

VM state:not at safepoint (normal execution)

VM Mutex/Monitor currently owned by a thread: None

Heap:
 PSYoungGen      total 18432K, used 12215K [0x00000000eab00000, 0x00000000ebf80000, 0x0000000100000000)
  eden space 15872K, 76% used [0x00000000eab00000,0x00000000eb6ede80,0x00000000eba80000)
  from space 2560K, 0% used [0x00000000ebd00000,0x00000000ebd00000,0x00000000ebf80000)
  to   space 2560K, 0% used [0x00000000eba80000,0x00000000eba80000,0x00000000ebd00000)
 ParOldGen       total 42496K, used 0K [0x00000000c0000000, 0x00000000c2980000, 0x00000000eab00000)
  object space 42496K, 0% used [0x00000000c0000000,0x00000000c0000000,0x00000000c2980000)
 Metaspace       used 5490K, capacity 6512K, committed 6784K, reserved 1056768K
  class space    used 592K, capacity 616K, committed 640K, reserved 1048576K

Card table byte_map: [0x0000000011cd0000,0x0000000011ee0000] byte_map_base: 0x00000000116d0000

Marking Bits: (ParMarkBitMap*) 0x0000000070ada5b0
 Begin Bits: [0x0000000012500000, 0x0000000013500000)
 End Bits:   [0x0000000013500000, 0x0000000014500000)

Polling page: 0x00000000000c0000

CodeCache: size=245760Kb used=2019Kb max_used=2019Kb free=243740Kb
 bounds [0x0000000002910000, 0x0000000002b80000, 0x0000000011910000]
 total_blobs=756 nmethods=487 adapters=182
 compilation: enabled

Compilation events (10 events):
Event: 1.764 Thread 0x000000005679a800 nmethod 529 0x0000000002b08210 code [0x0000000002b08380, 0x0000000002b08570]
Event: 1.764 Thread 0x000000005679a800  530       3       com.android.dx.ssa.SsaRenamer::isVersionZeroRegister (14 bytes)
Event: 1.764 Thread 0x000000005679a800 nmethod 530 0x0000000002b08650 code [0x0000000002b087a0, 0x0000000002b08950]
Event: 1.764 Thread 0x000000005679a800  470       1       com.android.dx.ssa.SsaRenamer$BlockRenamer::access$1000 (5 bytes)
Event: 1.764 Thread 0x000000005679a800 nmethod 470 0x0000000002b089d0 code [0x0000000002b08b20, 0x0000000002b08c10]
Event: 1.764 Thread 0x000000005679a800  531       3       com.android.dx.ssa.PhiInsn::addPhiOperand (30 bytes)
Event: 1.765 Thread 0x000000005679a800 nmethod 531 0x0000000002b08c90 code [0x0000000002b08e40, 0x0000000002b09628]
Event: 1.765 Thread 0x000000005679a800  465       3       com.android.dx.util.BitIntSet$1::hasNext (13 bytes)
Event: 1.765 Thread 0x000000005679a800 nmethod 465 0x0000000002b09a50 code [0x0000000002b09ba0, 0x0000000002b09d50]
Event: 1.765 Thread 0x000000005679a800  493       3       com.android.dx.ssa.SsaMethod::getDefinitionForRegister (61 bytes)

GC Heap History (0 events):
No events

Deoptimization events (1 events):
Event: 1.728 Thread 0x0000000056953000 Uncommon trap: reason=unstable_if action=reinterpret pc=0x0000000002af7d90 method=com.android.dx.util.BitIntSet.ensureCapacity(I)V @ 8

Internal exceptions (2 events):
Event: 0.340 Thread 0x000000000227e800 Exception <a 'java/lang/NoSuchMethodError': Method sun.misc.Unsafe.defineClass(Ljava/lang/String;[BII)Ljava/lang/Class; name or signature does not match> (0x00000000eab13080) thrown at [C:\workspace\8-2-build-windows-amd64-cygwin\jdk8u65\4987\hotspot\src\sÒ5Êc÷≈’?
Event: 0.340 Thread 0x000000000227e800 Exception <a 'java/lang/NoSuchMethodError': Method sun.misc.Unsafe.prefetchRead(Ljava/lang/Object;J)V name or signature does not match> (0x00000000eab13368) thrown at [C:\workspace\8-2-build-windows-amd64-cygwin\jdk8u65\4987\hotspot\src\share\vm\prims\jni.

Events (10 events):
Event: 1.610 loading class com/android/dx/dex/file/FieldAnnotationStruct done
Event: 1.626 loading class java/util/HashMap$Values
Event: 1.627 loading class java/util/HashMap$Values done
Event: 1.627 loading class java/util/HashMap$ValueIterator
Event: 1.627 loading class java/util/HashMap$ValueIterator done
Event: 1.728 Thread 0x0000000056953000 Uncommon trap: trap_request=0xffffff65 fr.pc=0x0000000002af7d90
Event: 1.728 Thread 0x0000000056953000 DEOPT PACKING pc=0x0000000002af7d90 sp=0x0000000056d9ebf0
Event: 1.728 Thread 0x0000000056953000 DEOPT UNPACKING pc=0x000000000295582a sp=0x0000000056d9eb88 mode 2
Event: 1.728 loading class com/android/dx/ssa/back/FirstFitLocalCombiningAllocator$Multiset
Event: 1.729 loading class com/android/dx/ssa/back/FirstFitLocalCombiningAllocator$Multiset done


Dynamic libraries:
0x000000013f200000 - 0x000000013f237000 	C:\Program Files\Java\jdk1.8.0_65\bin\java.exe
0x0000000077500000 - 0x00000000776aa000 	C:\Windows\SYSTEM32\ntdll.dll
0x00000000773e0000 - 0x00000000774ff000 	C:\Windows\system32\kernel32.dll
0x000007fefd590000 - 0x000007fefd5fa000 	C:\Windows\system32\KERNELBASE.dll
0x0000000074f50000 - 0x0000000074fd7000 	C:\Windows\System32\SYSFER.DLL
0x000007fefd600000 - 0x000007fefd6db000 	C:\Windows\system32\ADVAPI32.dll
0x000007fefda20000 - 0x000007fefdabf000 	C:\Windows\system32\msvcrt.dll
0x000007fefdbd0000 - 0x000007fefdbef000 	C:\Windows\SYSTEM32\sechost.dll
0x000007fefdbf0000 - 0x000007fefdd1d000 	C:\Windows\system32\RPCRT4.dll
0x00000000772e0000 - 0x00000000773da000 	C:\Windows\system32\USER32.dll
0x000007fefddb0000 - 0x000007fefde17000 	C:\Windows\system32\GDI32.dll
0x000007fefd7b0000 - 0x000007fefd7be000 	C:\Windows\system32\LPK.dll
0x000007fefd6e0000 - 0x000007fefd7aa000 	C:\Windows\system32\USP10.dll
0x000007fefc100000 - 0x000007fefc2f4000 	C:\Windows\WinSxS\amd64_microsoft.windows.common-controls_6595b64144ccf1df_6.0.7601.18837_none_fa3b1e3d17594757\COMCTL32.dll
0x000007fefd9a0000 - 0x000007fefda11000 	C:\Windows\system32\SHLWAPI.dll
0x000007fefdba0000 - 0x000007fefdbce000 	C:\Windows\system32\IMM32.DLL
0x000007fefdf40000 - 0x000007fefe049000 	C:\Windows\system32\MSCTF.dll
0x0000000054f20000 - 0x0000000054ff2000 	C:\Program Files\Java\jdk1.8.0_65\jre\bin\msvcr100.dll
0x00000000702d0000 - 0x0000000070b59000 	C:\Program Files\Java\jdk1.8.0_65\jre\bin\server\jvm.dll
0x000007fefa0a0000 - 0x000007fefa0a9000 	C:\Windows\system32\WSOCK32.dll
0x000007feff2e0000 - 0x000007feff32d000 	C:\Windows\system32\WS2_32.dll
0x000007fefdd80000 - 0x000007fefdd88000 	C:\Windows\system32\NSI.dll
0x000007fefbe70000 - 0x000007fefbeab000 	C:\Windows\system32\WINMM.dll
0x000007fefc590000 - 0x000007fefc59c000 	C:\Windows\system32\VERSION.dll
0x00000000776c0000 - 0x00000000776c7000 	C:\Windows\system32\PSAPI.DLL
0x0000000070fb0000 - 0x0000000070fbf000 	C:\Program Files\Java\jdk1.8.0_65\jre\bin\verify.dll
0x0000000063e10000 - 0x0000000063e39000 	C:\Program Files\Java\jdk1.8.0_65\jre\bin\java.dll
0x0000000070f90000 - 0x0000000070fa6000 	C:\Program Files\Java\jdk1.8.0_65\jre\bin\zip.dll
0x000007fefe050000 - 0x000007fefeddc000 	C:\Windows\system32\SHELL32.dll
0x000007feff600000 - 0x000007feff803000 	C:\Windows\system32\ole32.dll
0x000007fefd240000 - 0x000007fefd24f000 	C:\Windows\system32\profapi.dll

VM Arguments:
jvm_args: -Djava.awt.headless=true -Xmx1024M -Dfile.encoding=windows-1251 -Duser.country=RU -Duser.language=ru -Duser.variant 
java_command: com.android.dx.command.Main --dex --force-jumbo --num-threads=4 --output C:\asp\ShoppingList\app\build\intermediates\pre-dexed\debug\com.getkeepsafe.relinker-relinker-1.2.1_eeee998aac5fd65e3c57c766b9e8261784792734.jar C:\asp\ShoppingList\app\build\intermediates\exploded-aar\com.getkeepsafe.relinker\relinker\1.2.1\jars\classes.jar
java_class_path (initial): C:\Users\avtseben\AppData\Local\Android\Sdk\build-tools\23.0.2\lib\dx.jar
Launcher Type: SUN_STANDARD

Environment Variables:
PATH=C:\Program Files\Broadcom\Broadcom 802.11;c:\Program Files (x86)\Intel\iCLS Client\;c:\Program Files\Intel\iCLS Client\;C:\ProgramData\Oracle\Java\javapath;C:\Windows\system32;C:\Windows;C:\Windows\System32\Wbem;C:\Windows\System32\WindowsPowerShell\v1.0\;C:\Program Files\Intel\Intel(R) Management Engine Components\DAL;C:\Program Files\Intel\Intel(R) Management Engine Components\IPT;C:\Program Files (x86)\Intel\Intel(R) Management Engine Components\DAL;C:\Program Files (x86)\Intel\Intel(R) Management Engine Components\IPT;c:\Program Files\WIDCOMM\Bluetooth Software\;c:\Program Files\WIDCOMM\Bluetooth Software\syswow64;C:\Program Files (x86)\Hewlett-Packard\HP ProtectTools Security Manager\Bin\;C:\Program Files (x86)\Brackets\command;C:\Program Files (x86)\Skype\Phone\;C:\Program Files\OpenVPN\bin;C:\androidSDK\platform-tools\;C:\Program Files\Broadcom\Broadcom 802.11;c:\Program Files (x86)\Intel\iCLS Client\;c:\Program Files\Intel\iCLS Client\;C:\ProgramData\Oracle\Java\javapath;C:\Windows\system32;C:\Windows;C:\Windows\System32\Wbem;C:\Windows\System32\WindowsPowerShell\v1.0\;C:\Program Files\Intel\Intel(R) Management Engine Components\DAL;C:\Program Files\Intel\Intel(R) Management Engine Components\IPT;C:\Program Files (x86)\Intel\Intel(R) Management Engine Components\DAL;C:\Program Files (x86)\Intel\Intel(R) Management Engine Components\IPT;c:\Program Files\WIDCOMM\Bluetooth Software\;c:\Program Files\WIDCOMM\Bluetooth Software\syswow64;C:\Program Files (x86)\Hewlett-Packard\HP ProtectTools Security Manager\Bin\;C:\Program Files (x86)\Brackets\command;C:\Program Files (x86)\Skype\Phone\;C:\Program Files (x86)\ufs2tools-0.8\ufs2tools\;C:\Program Files\Git\bin\;C:\androidSDK\platform-tools
USERNAME=avtseben
OS=Windows_NT
PROCESSOR_IDENTIFIER=Intel64 Family 6 Model 58 Stepping 9, GenuineIntel



---------------  S Y S T E M  ---------------

OS: Windows 7 , 64 bit Build 7601 (6.1.7601.23418)

CPU:total 4 (2 cores per cpu, 2 threads per core) family 6 model 58 stepping 9, cmov, cx8, fxsr, mmx, sse, sse2, sse3, ssse3, sse4.1, sse4.2, popcnt, avx, aes, clmul, erms, ht, tsc, tscinvbit, tscinv

Memory: 4k page, physical 4056748k(121000k free), swap 5581188k(5076k free)

vm_info: Java HotSpot(TM) 64-Bit Server VM (25.65-b01) for windows-amd64 JRE (1.8.0_65-b17), built on Oct  6 2015 16:39:20 by "java_re" with MS VC++ 10.0 (VS2010)

time: Mon Jul 18 22:29:28 2016
elapsed time: 1 seconds (0d 0h 0m 1s)

