#
# There is insufficient memory for the Java Runtime Environment to continue.
# Native memory allocation (malloc) failed to allocate 171376 bytes for Chunk::new
# Possible reasons:
#   The system is out of physical RAM or swap space
#   In 32 bit mode, the process size limit was hit
# Possible solutions:
#   Reduce memory load on the system
#   Increase physical memory or swap space
#   Check if swap backing store is full
#   Use 64 bit Java on a 64 bit OS
#   Decrease Java heap size (-Xmx/-Xms)
#   Decrease number of Java threads
#   Decrease Java thread stack sizes (-Xss)
#   Set larger code cache with -XX:ReservedCodeCacheSize=
# This output file may be truncated or incomplete.
#
#  Out of Memory Error (allocation.cpp:390), pid=3092, tid=7808
#
# JRE version: Java(TM) SE Runtime Environment (8.0_65-b17) (build 1.8.0_65-b17)
# Java VM: Java HotSpot(TM) 64-Bit Server VM (25.65-b01 mixed mode windows-amd64 compressed oops)
# Failed to write core dump. Minidumps are not enabled by default on client versions of Windows
#

---------------  T H R E A D  ---------------

Current thread (0x00000000551fd800):  JavaThread "C2 CompilerThread1" daemon [_thread_in_native, id=7808, stack(0x0000000056ab0000,0x0000000056bb0000)]

Stack: [0x0000000056ab0000,0x0000000056bb0000]
[error occurred during error reporting (printing stack bounds), id 0xc0000005]

Native frames: (J=compiled Java code, j=interpreted, Vv=VM code, C=native code)


Current CompileTask:
C2:   4688 1674       4       com.android.dx.ssa.DeadCodeRemover::isCircularNoSideEffect (140 bytes)


---------------  P R O C E S S  ---------------

Java Threads: ( => current thread )
  0x0000000056f50800 JavaThread "pool-1-thread-4" [_thread_in_Java, id=1168, stack(0x0000000058040000,0x0000000058140000)]
  0x0000000056f15800 JavaThread "pool-1-thread-3" [_thread_blocked, id=4144, stack(0x0000000057d90000,0x0000000057e90000)]
  0x0000000056f0e800 JavaThread "pool-1-thread-2" [_thread_blocked, id=360, stack(0x0000000057ea0000,0x0000000057fa0000)]
  0x0000000056e9c800 JavaThread "pool-2-thread-1" [_thread_blocked, id=7036, stack(0x0000000057140000,0x0000000057240000)]
  0x0000000056e9a800 JavaThread "pool-1-thread-1" [_thread_blocked, id=6192, stack(0x0000000057c20000,0x0000000057d20000)]
  0x00000000551ff800 JavaThread "Service Thread" daemon [_thread_blocked, id=7536, stack(0x00000000561c0000,0x00000000562c0000)]
  0x0000000056bff800 JavaThread "C1 CompilerThread2" daemon [_thread_blocked, id=4216, stack(0x0000000057000000,0x0000000057100000)]
=>0x00000000551fd800 JavaThread "C2 CompilerThread1" daemon [_thread_in_native, id=7808, stack(0x0000000056ab0000,0x0000000056bb0000)]
  0x00000000551fb800 JavaThread "C2 CompilerThread0" daemon [_thread_in_native, id=6880, stack(0x0000000056920000,0x0000000056a20000)]
  0x00000000551f7000 JavaThread "Attach Listener" daemon [_thread_blocked, id=3020, stack(0x0000000056760000,0x0000000056860000)]
  0x00000000551f5800 JavaThread "Signal Dispatcher" daemon [_thread_blocked, id=7192, stack(0x0000000056650000,0x0000000056750000)]
  0x0000000055192000 JavaThread "Finalizer" daemon [_thread_blocked, id=1084, stack(0x00000000564c0000,0x00000000565c0000)]
  0x0000000055190800 JavaThread "Reference Handler" daemon [_thread_blocked, id=2812, stack(0x00000000562c0000,0x00000000563c0000)]
  0x00000000001de800 JavaThread "main" [_thread_blocked, id=8008, stack(0x0000000002310000,0x0000000002410000)]

Other Threads:
  0x000000005518b000 VMThread [stack: 0x0000000056050000,0x0000000056150000] [id=2152]
  0x0000000056c2e000 WatcherThread [stack: 0x00000000572b0000,0x00000000573b0000] [id=4532]

VM state:not at safepoint (normal execution)

VM Mutex/Monitor currently owned by a thread: None

Heap:
 PSYoungGen      total 34304K, used 8255K [0x00000000eab00000, 0x00000000ecf00000, 0x0000000100000000)
  eden space 31744K, 17% used [0x00000000eab00000,0x00000000eb092be8,0x00000000eca00000)
  from space 2560K, 99% used [0x00000000eca00000,0x00000000ecc7d328,0x00000000ecc80000)
  to   space 2560K, 0% used [0x00000000ecc80000,0x00000000ecc80000,0x00000000ecf00000)
 ParOldGen       total 42496K, used 18031K [0x00000000c0000000, 0x00000000c2980000, 0x00000000eab00000)
  object space 42496K, 42% used [0x00000000c0000000,0x00000000c119be30,0x00000000c2980000)
 Metaspace       used 6244K, capacity 7152K, committed 7296K, reserved 1056768K
  class space    used 604K, capacity 616K, committed 640K, reserved 1048576K

Card table byte_map: [0x0000000011aa0000,0x0000000011cb0000] byte_map_base: 0x00000000114a0000

Marking Bits: (ParMarkBitMap*) 0x0000000070ada5b0
 Begin Bits: [0x0000000012410000, 0x0000000013410000)
 End Bits:   [0x0000000013410000, 0x0000000014410000)

Polling page: 0x0000000000150000

CodeCache: size=245760Kb used=6842Kb max_used=6856Kb free=238917Kb
 bounds [0x00000000026e0000, 0x0000000002da0000, 0x00000000116e0000]
 total_blobs=1923 nmethods=1654 adapters=182
 compilation: enabled

Compilation events (10 events):
Event: 4.445 Thread 0x0000000056bff800 nmethod 1668 0x0000000002d7e390 code [0x0000000002d7e4e0, 0x0000000002d7e690]
Event: 4.457 Thread 0x00000000551fd800 nmethod 1656 0x0000000002d788d0 code [0x0000000002d78ac0, 0x0000000002d79558]
Event: 4.457 Thread 0x00000000551fd800 1673       4       com.android.dx.ssa.Dominators::compress (229 bytes)
Event: 4.509 Thread 0x00000000551fd800 nmethod 1673 0x0000000002d926d0 code [0x0000000002d928c0, 0x0000000002d93788]
Event: 4.509 Thread 0x00000000551fd800 1605       4       java.lang.StringBuilder::append (8 bytes)
Event: 4.513 Thread 0x00000000551fb800 nmethod 1524 0x0000000002d95210 code [0x0000000002d95480, 0x0000000002d97408]
Event: 4.514 Thread 0x00000000551fb800 1470       4       com.android.dx.ssa.SsaRenamer$1::visitBlock (16 bytes)
Event: 4.519 Thread 0x00000000551fd800 nmethod 1605 0x0000000002d7da90 code [0x0000000002d7dbe0, 0x0000000002d7df98]
Event: 4.521 Thread 0x00000000551fb800 nmethod 1470 0x0000000002d7d0d0 code [0x0000000002d7d260, 0x0000000002d7d6a8]
Event: 4.596 Thread 0x00000000551fd800 1674       4       com.android.dx.ssa.DeadCodeRemover::isCircularNoSideEffect (140 bytes)

GC Heap History (10 events):
Event: 0.760 GC heap before
{Heap before GC invocations=1 (full 0):
 PSYoungGen      total 18432K, used 15872K [0x00000000eab00000, 0x00000000ebf80000, 0x0000000100000000)
  eden space 15872K, 100% used [0x00000000eab00000,0x00000000eba80000,0x00000000eba80000)
  from space 2560K, 0% used [0x00000000ebd00000,0x00000000ebd00000,0x00000000ebf80000)
  to   space 2560K, 0% used [0x00000000eba80000,0x00000000eba80000,0x00000000ebd00000)
 ParOldGen       total 42496K, used 0K [0x00000000c0000000, 0x00000000c2980000, 0x00000000eab00000)
  object space 42496K, 0% used [0x00000000c0000000,0x00000000c0000000,0x00000000c2980000)
 Metaspace       used 3927K, capacity 5040K, committed 5120K, reserved 1056768K
  class space    used 441K, capacity 488K, committed 512K, reserved 1048576K
Event: 1.052 GC heap after
Heap after GC invocations=1 (full 0):
 PSYoungGen      total 18432K, used 1429K [0x00000000eab00000, 0x00000000ecf00000, 0x0000000100000000)
  eden space 15872K, 0% used [0x00000000eab00000,0x00000000eab00000,0x00000000eba80000)
  from space 2560K, 55% used [0x00000000eba80000,0x00000000ebbe55e0,0x00000000ebd00000)
  to   space 2560K, 0% used [0x00000000ecc80000,0x00000000ecc80000,0x00000000ecf00000)
 ParOldGen       total 42496K, used 8K [0x00000000c0000000, 0x00000000c2980000, 0x00000000eab00000)
  object space 42496K, 0% used [0x00000000c0000000,0x00000000c0002000,0x00000000c2980000)
 Metaspace       used 3927K, capacity 5040K, committed 5120K, reserved 1056768K
  class space    used 441K, capacity 488K, committed 512K, reserved 1048576K
}
Event: 1.957 GC heap before
{Heap before GC invocations=2 (full 0):
 PSYoungGen      total 18432K, used 17301K [0x00000000eab00000, 0x00000000ecf00000, 0x0000000100000000)
  eden space 15872K, 100% used [0x00000000eab00000,0x00000000eba80000,0x00000000eba80000)
  from space 2560K, 55% used [0x00000000eba80000,0x00000000ebbe55e0,0x00000000ebd00000)
  to   space 2560K, 0% used [0x00000000ecc80000,0x00000000ecc80000,0x00000000ecf00000)
 ParOldGen       total 42496K, used 8K [0x00000000c0000000, 0x00000000c2980000, 0x00000000eab00000)
  object space 42496K, 0% used [0x00000000c0000000,0x00000000c0002000,0x00000000c2980000)
 Metaspace       used 5884K, capacity 6832K, committed 7040K, reserved 1056768K
  class space    used 601K, capacity 616K, committed 640K, reserved 1048576K
Event: 2.077 GC heap after
Heap after GC invocations=2 (full 0):
 PSYoungGen      total 34304K, used 2555K [0x00000000eab00000, 0x00000000ecf00000, 0x0000000100000000)
  eden space 31744K, 0% used [0x00000000eab00000,0x00000000eab00000,0x00000000eca00000)
  from space 2560K, 99% used [0x00000000ecc80000,0x00000000ecefef88,0x00000000ecf00000)
  to   space 2560K, 0% used [0x00000000eca00000,0x00000000eca00000,0x00000000ecc80000)
 ParOldGen       total 42496K, used 2385K [0x00000000c0000000, 0x00000000c2980000, 0x00000000eab00000)
  object space 42496K, 5% used [0x00000000c0000000,0x00000000c0254598,0x00000000c2980000)
 Metaspace       used 5884K, capacity 6832K, committed 7040K, reserved 1056768K
  class space    used 601K, capacity 616K, committed 640K, reserved 1048576K
}
Event: 2.819 GC heap before
{Heap before GC invocations=3 (full 0):
 PSYoungGen      total 34304K, used 34299K [0x00000000eab00000, 0x00000000ecf00000, 0x0000000100000000)
  eden space 31744K, 100% used [0x00000000eab00000,0x00000000eca00000,0x00000000eca00000)
  from space 2560K, 99% used [0x00000000ecc80000,0x00000000ecefef88,0x00000000ecf00000)
  to   space 2560K, 0% used [0x00000000eca00000,0x00000000eca00000,0x00000000ecc80000)
 ParOldGen       total 42496K, used 2385K [0x00000000c0000000, 0x00000000c2980000, 0x00000000eab00000)
  object space 42496K, 5% used [0x00000000c0000000,0x00000000c0254598,0x00000000c2980000)
 Metaspace       used 6140K, capacity 7088K, committed 7296K, reserved 1056768K
  class space    used 604K, capacity 616K, committed 640K, reserved 1048576K
Event: 3.346 GC heap after
Heap after GC invocations=3 (full 0):
 PSYoungGen      total 34304K, used 2548K [0x00000000eab00000, 0x00000000ecf00000, 0x0000000100000000)
  eden space 31744K, 0% used [0x00000000eab00000,0x00000000eab00000,0x00000000eca00000)
  from space 2560K, 99% used [0x00000000eca00000,0x00000000ecc7d328,0x00000000ecc80000)
  to   space 2560K, 0% used [0x00000000ecc80000,0x00000000ecc80000,0x00000000ecf00000)
 ParOldGen       total 42496K, used 7648K [0x00000000c0000000, 0x00000000c2980000, 0x00000000eab00000)
  object space 42496K, 17% used [0x00000000c0000000,0x00000000c0778198,0x00000000c2980000)
 Metaspace       used 6140K, capacity 7088K, committed 7296K, reserved 1056768K
  class space    used 604K, capacity 616K, committed 640K, reserved 1048576K
}
Event: 3.786 GC heap before
{Heap before GC invocations=4 (full 0):
 PSYoungGen      total 34304K, used 34292K [0x00000000eab00000, 0x00000000ecf00000, 0x0000000100000000)
  eden space 31744K, 100% used [0x00000000eab00000,0x00000000eca00000,0x00000000eca00000)
  from space 2560K, 99% used [0x00000000eca00000,0x00000000ecc7d328,0x00000000ecc80000)
  to   space 2560K, 0% used [0x00000000ecc80000,0x00000000ecc80000,0x00000000ecf00000)
 ParOldGen       total 42496K, used 7648K [0x00000000c0000000, 0x00000000c2980000, 0x00000000eab00000)
  object space 42496K, 17% used [0x00000000c0000000,0x00000000c0778198,0x00000000c2980000)
 Metaspace       used 6209K, capacity 7088K, committed 7296K, reserved 1056768K
  class space    used 604K, capacity 616K, committed 640K, reserved 1048576K
Event: 3.953 GC heap after
Heap after GC invocations=4 (full 0):
 PSYoungGen      total 34304K, used 2548K [0x00000000eab00000, 0x00000000ecf00000, 0x0000000100000000)
  eden space 31744K, 0% used [0x00000000eab00000,0x00000000eab00000,0x00000000eca00000)
  from space 2560K, 99% used [0x00000000ecc80000,0x00000000ecefd328,0x00000000ecf00000)
  to   space 2560K, 0% used [0x00000000eca00000,0x00000000eca00000,0x00000000ecc80000)
 ParOldGen       total 42496K, used 12698K [0x00000000c0000000, 0x00000000c2980000, 0x00000000eab00000)
  object space 42496K, 29% used [0x00000000c0000000,0x00000000c0c66a98,0x00000000c2980000)
 Metaspace       used 6209K, capacity 7088K, committed 7296K, reserved 1056768K
  class space    used 604K, capacity 616K, committed 640K, reserved 1048576K
}
Event: 4.178 GC heap before
{Heap before GC invocations=5 (full 0):
 PSYoungGen      total 34304K, used 34292K [0x00000000eab00000, 0x00000000ecf00000, 0x0000000100000000)
  eden space 31744K, 100% used [0x00000000eab00000,0x00000000eca00000,0x00000000eca00000)
  from space 2560K, 99% used [0x00000000ecc80000,0x00000000ecefd328,0x00000000ecf00000)
  to   space 2560K, 0% used [0x00000000eca00000,0x00000000eca00000,0x00000000ecc80000)
 ParOldGen       total 42496K, used 12698K [0x00000000c0000000, 0x00000000c2980000, 0x00000000eab00000)
  object space 42496K, 29% used [0x00000000c0000000,0x00000000c0c66a98,0x00000000c2980000)
 Metaspace       used 6242K, capacity 7152K, committed 7296K, reserved 1056768K
  class space    used 604K, capacity 616K, committed 640K, reserved 1048576K
Event: 4.342 GC heap after
Heap after GC invocations=5 (full 0):
 PSYoungGen      total 34304K, used 2548K [0x00000000eab00000, 0x00000000ecf00000, 0x0000000100000000)
  eden space 31744K, 0% used [0x00000000eab00000,0x00000000eab00000,0x00000000eca00000)
  from space 2560K, 99% used [0x00000000eca00000,0x00000000ecc7d328,0x00000000ecc80000)
  to   space 2560K, 0% used [0x00000000ecc80000,0x00000000ecc80000,0x00000000ecf00000)
 ParOldGen       total 42496K, used 18031K [0x00000000c0000000, 0x00000000c2980000, 0x00000000eab00000)
  object space 42496K, 42% used [0x00000000c0000000,0x00000000c119be30,0x00000000c2980000)
 Metaspace       used 6242K, capacity 7152K, committed 7296K, reserved 1056768K
  class space    used 604K, capacity 616K, committed 640K, reserved 1048576K
}

Deoptimization events (10 events):
Event: 2.539 Thread 0x00000000001de800 Uncommon trap: reason=bimorphic action=maybe_recompile pc=0x0000000002b2b190 method=java.util.HashMap.getNode(ILjava/lang/Object;)Ljava/util/HashMap$Node; @ 126
Event: 2.539 Thread 0x00000000001de800 Uncommon trap: reason=bimorphic action=maybe_recompile pc=0x0000000002b2b190 method=java.util.HashMap.getNode(ILjava/lang/Object;)Ljava/util/HashMap$Node; @ 126
Event: 2.539 Thread 0x00000000001de800 Uncommon trap: reason=bimorphic action=maybe_recompile pc=0x0000000002b2b190 method=java.util.HashMap.getNode(ILjava/lang/Object;)Ljava/util/HashMap$Node; @ 126
Event: 2.539 Thread 0x00000000001de800 Uncommon trap: reason=unstable_if action=reinterpret pc=0x0000000002a65884 method=com.android.dx.rop.cst.Constant.compareTo(Lcom/android/dx/rop/cst/Constant;)I @ 12
Event: 2.539 Thread 0x00000000001de800 Uncommon trap: reason=class_check action=maybe_recompile pc=0x0000000002b9a178 method=java.util.HashMap.putVal(ILjava/lang/Object;Ljava/lang/Object;ZZ)Ljava/lang/Object; @ 203
Event: 2.707 Thread 0x00000000001de800 Uncommon trap: reason=unstable_if action=reinterpret pc=0x0000000002b273cc method=com.android.dx.ssa.SsaMethod.updateOneDefinition(Lcom/android/dx/ssa/SsaInsn;Lcom/android/dx/rop/code/RegisterSpec;)V @ 4
Event: 2.782 Thread 0x0000000056f15800 Uncommon trap: reason=null_check action=make_not_entrant pc=0x00000000029aa504 method=com.android.dx.ssa.SsaRenamer.getLocalForNewReg(I)Lcom/android/dx/rop/code/LocalItem; @ 19
Event: 3.618 Thread 0x0000000056f0e800 Uncommon trap: reason=null_check action=make_not_entrant pc=0x00000000029ddfd8 method=com.android.dx.ssa.SsaRenamer.getLocalForNewReg(I)Lcom/android/dx/rop/code/LocalItem; @ 19
Event: 4.174 Thread 0x0000000056e9a800 Uncommon trap: reason=bimorphic action=maybe_recompile pc=0x0000000002d36eb8 method=com.android.dx.rop.code.RegisterSpec.withSimpleType()Lcom/android/dx/rop/code/RegisterSpec; @ 21
Event: 4.344 Thread 0x0000000056e9a800 Uncommon trap: reason=bimorphic action=maybe_recompile pc=0x0000000002d36eb8 method=com.android.dx.rop.code.RegisterSpec.withSimpleType()Lcom/android/dx/rop/code/RegisterSpec; @ 21

Internal exceptions (4 events):
Event: 0.209 Thread 0x00000000001de800 Exception <a 'java/lang/NoSuchMethodError': Method sun.misc.Unsafe.defineClass(Ljava/lang/String;[BII)Ljava/lang/Class; name or signature does not match> (0x00000000eab13080) thrown at [C:\workspace\8-2-build-windows-amd64-cygwin\jdk8u65\4987\hotspot\src\suzÉÐ»Ê?
Event: 0.209 Thread 0x00000000001de800 Exception <a 'java/lang/NoSuchMethodError': Method sun.misc.Unsafe.prefetchRead(Ljava/lang/Object;J)V name or signature does not match> (0x00000000eab13368) thrown at [C:\workspace\8-2-build-windows-amd64-cygwin\jdk8u65\4987\hotspot\src\share\vm\prims\jni.é†/þB@
Event: 2.782 Thread 0x0000000056f15800 Implicit null exception at 0x00000000029a81c0 to 0x00000000029aa4c1
Event: 3.618 Thread 0x0000000056f0e800 Implicit null exception at 0x00000000029dc25d to 0x00000000029ddfb5

Events (10 events):
Event: 4.174 Thread 0x0000000056e9a800 Uncommon trap: trap_request=0xffffffc6 fr.pc=0x0000000002d36eb8
Event: 4.174 Thread 0x0000000056e9a800 DEOPT PACKING pc=0x0000000002d36eb8 sp=0x0000000057d1eda0
Event: 4.174 Thread 0x0000000056e9a800 DEOPT UNPACKING pc=0x000000000272582a sp=0x0000000057d1ed18 mode 2
Event: 4.178 Executing VM operation: ParallelGCFailedAllocation
Event: 4.342 Executing VM operation: ParallelGCFailedAllocation done
Event: 4.344 Thread 0x0000000056e9a800 Uncommon trap: trap_request=0xffffffc6 fr.pc=0x0000000002d36eb8
Event: 4.344 Thread 0x0000000056e9a800 DEOPT PACKING pc=0x0000000002d36eb8 sp=0x0000000057d1ecf0
Event: 4.344 Thread 0x0000000056e9a800 DEOPT UNPACKING pc=0x000000000272582a sp=0x0000000057d1ec68 mode 2
Event: 4.522 Executing VM operation: EnableBiasedLocking
Event: 4.522 Executing VM operation: EnableBiasedLocking done


Dynamic libraries:
0x000000013f200000 - 0x000000013f237000 	C:\Program Files\Java\jdk1.8.0_65\bin\java.exe
0x0000000077500000 - 0x00000000776aa000 	C:\Windows\SYSTEM32\ntdll.dll
0x00000000773e0000 - 0x00000000774ff000 	C:\Windows\system32\kernel32.dll
0x000007fefd590000 - 0x000007fefd5fa000 	C:\Windows\system32\KERNELBASE.dll
0x0000000074f50000 - 0x0000000074fd7000 	C:\Windows\System32\SYSFER.DLL
0x000007fefd600000 - 0x000007fefd6db000 	C:\Windows\system32\ADVAPI32.dll
0x000007fefda20000 - 0x000007fefdabf000 	C:\Windows\system32\msvcrt.dll
0x000007fefdbd0000 - 0x000007fefdbef000 	C:\Windows\SYSTEM32\sechost.dll
0x000007fefdbf0000 - 0x000007fefdd1d000 	C:\Windows\system32\RPCRT4.dll
0x00000000772e0000 - 0x00000000773da000 	C:\Windows\system32\USER32.dll
0x000007fefddb0000 - 0x000007fefde17000 	C:\Windows\system32\GDI32.dll
0x000007fefd7b0000 - 0x000007fefd7be000 	C:\Windows\system32\LPK.dll
0x000007fefd6e0000 - 0x000007fefd7aa000 	C:\Windows\system32\USP10.dll
0x000007fefc100000 - 0x000007fefc2f4000 	C:\Windows\WinSxS\amd64_microsoft.windows.common-controls_6595b64144ccf1df_6.0.7601.18837_none_fa3b1e3d17594757\COMCTL32.dll
0x000007fefd9a0000 - 0x000007fefda11000 	C:\Windows\system32\SHLWAPI.dll
0x000007fefdba0000 - 0x000007fefdbce000 	C:\Windows\system32\IMM32.DLL
0x000007fefdf40000 - 0x000007fefe049000 	C:\Windows\system32\MSCTF.dll
0x0000000054f20000 - 0x0000000054ff2000 	C:\Program Files\Java\jdk1.8.0_65\jre\bin\msvcr100.dll
0x00000000702d0000 - 0x0000000070b59000 	C:\Program Files\Java\jdk1.8.0_65\jre\bin\server\jvm.dll
0x000007fefa0a0000 - 0x000007fefa0a9000 	C:\Windows\system32\WSOCK32.dll
0x000007feff2e0000 - 0x000007feff32d000 	C:\Windows\system32\WS2_32.dll
0x000007fefdd80000 - 0x000007fefdd88000 	C:\Windows\system32\NSI.dll
0x000007fefbe70000 - 0x000007fefbeab000 	C:\Windows\system32\WINMM.dll
0x000007fefc590000 - 0x000007fefc59c000 	C:\Windows\system32\VERSION.dll
0x00000000776c0000 - 0x00000000776c7000 	C:\Windows\system32\PSAPI.DLL
0x0000000070fb0000 - 0x0000000070fbf000 	C:\Program Files\Java\jdk1.8.0_65\jre\bin\verify.dll
0x0000000063e10000 - 0x0000000063e39000 	C:\Program Files\Java\jdk1.8.0_65\jre\bin\java.dll
0x0000000070f90000 - 0x0000000070fa6000 	C:\Program Files\Java\jdk1.8.0_65\jre\bin\zip.dll
0x000007fefe050000 - 0x000007fefeddc000 	C:\Windows\system32\SHELL32.dll
0x000007feff600000 - 0x000007feff803000 	C:\Windows\system32\ole32.dll
0x000007fefd240000 - 0x000007fefd24f000 	C:\Windows\system32\profapi.dll

VM Arguments:
jvm_args: -Djava.awt.headless=true -Xmx1024M -Dfile.encoding=windows-1251 -Duser.country=RU -Duser.language=ru -Duser.variant 
java_command: com.android.dx.command.Main --dex --force-jumbo --num-threads=4 --output C:\asp\ShoppingList\app\build\intermediates\pre-dexed\debug\com.android.support-support-v4-23.4.0_5cf9d764c829ed548757f2af58dcce8b3f581673.jar C:\asp\ShoppingList\app\build\intermediates\exploded-aar\com.android.support\support-v4\23.4.0\jars\classes.jar
java_class_path (initial): C:\Users\avtseben\AppData\Local\Android\Sdk\build-tools\23.0.2\lib\dx.jar
Launcher Type: SUN_STANDARD

Environment Variables:
PATH=C:\Program Files\Broadcom\Broadcom 802.11;c:\Program Files (x86)\Intel\iCLS Client\;c:\Program Files\Intel\iCLS Client\;C:\ProgramData\Oracle\Java\javapath;C:\Windows\system32;C:\Windows;C:\Windows\System32\Wbem;C:\Windows\System32\WindowsPowerShell\v1.0\;C:\Program Files\Intel\Intel(R) Management Engine Components\DAL;C:\Program Files\Intel\Intel(R) Management Engine Components\IPT;C:\Program Files (x86)\Intel\Intel(R) Management Engine Components\DAL;C:\Program Files (x86)\Intel\Intel(R) Management Engine Components\IPT;c:\Program Files\WIDCOMM\Bluetooth Software\;c:\Program Files\WIDCOMM\Bluetooth Software\syswow64;C:\Program Files (x86)\Hewlett-Packard\HP ProtectTools Security Manager\Bin\;C:\Program Files (x86)\Brackets\command;C:\Program Files (x86)\Skype\Phone\;C:\Program Files\OpenVPN\bin;C:\androidSDK\platform-tools\;C:\Program Files\Broadcom\Broadcom 802.11;c:\Program Files (x86)\Intel\iCLS Client\;c:\Program Files\Intel\iCLS Client\;C:\ProgramData\Oracle\Java\javapath;C:\Windows\system32;C:\Windows;C:\Windows\System32\Wbem;C:\Windows\System32\WindowsPowerShell\v1.0\;C:\Program Files\Intel\Intel(R) Management Engine Components\DAL;C:\Program Files\Intel\Intel(R) Management Engine Components\IPT;C:\Program Files (x86)\Intel\Intel(R) Management Engine Components\DAL;C:\Program Files (x86)\Intel\Intel(R) Management Engine Components\IPT;c:\Program Files\WIDCOMM\Bluetooth Software\;c:\Program Files\WIDCOMM\Bluetooth Software\syswow64;C:\Program Files (x86)\Hewlett-Packard\HP ProtectTools Security Manager\Bin\;C:\Program Files (x86)\Brackets\command;C:\Program Files (x86)\Skype\Phone\;C:\Program Files (x86)\ufs2tools-0.8\ufs2tools\;C:\Program Files\Git\bin\;C:\androidSDK\platform-tools
USERNAME=avtseben
OS=Windows_NT
PROCESSOR_IDENTIFIER=Intel64 Family 6 Model 58 Stepping 9, GenuineIntel



---------------  S Y S T E M  ---------------

OS: Windows 7 , 64 bit Build 7601 (6.1.7601.23418)

CPU:total 4 (2 cores per cpu, 2 threads per core) family 6 model 58 stepping 9, cmov, cx8, fxsr, mmx, sse, sse2, sse3, ssse3, sse4.1, sse4.2, popcnt, avx, aes, clmul, erms, ht, tsc, tscinvbit, tscinv

Memory: 4k page, physical 4056748k(120016k free), swap 5581188k(5012k free)

vm_info: Java HotSpot(TM) 64-Bit Server VM (25.65-b01) for windows-amd64 JRE (1.8.0_65-b17), built on Oct  6 2015 16:39:20 by "java_re" with MS VC++ 10.0 (VS2010)

time: Mon Jul 18 22:29:28 2016
elapsed time: 4 seconds (0d 0h 0m 4s)

