#
# There is insufficient memory for the Java Runtime Environment to continue.
# Native memory allocation (malloc) failed to allocate 894224 bytes for Chunk::new
# Possible reasons:
#   The system is out of physical RAM or swap space
#   In 32 bit mode, the process size limit was hit
# Possible solutions:
#   Reduce memory load on the system
#   Increase physical memory or swap space
#   Check if swap backing store is full
#   Use 64 bit Java on a 64 bit OS
#   Decrease Java heap size (-Xmx/-Xms)
#   Decrease number of Java threads
#   Decrease Java thread stack sizes (-Xss)
#   Set larger code cache with -XX:ReservedCodeCacheSize=
# This output file may be truncated or incomplete.
#
#  Out of Memory Error (allocation.cpp:390), pid=7176, tid=7396
#
# JRE version: Java(TM) SE Runtime Environment (8.0_65-b17) (build 1.8.0_65-b17)
# Java VM: Java HotSpot(TM) 64-Bit Server VM (25.65-b01 mixed mode windows-amd64 compressed oops)
# Failed to write core dump. Minidumps are not enabled by default on client versions of Windows
#

---------------  T H R E A D  ---------------

Current thread (0x0000000056785000):  JavaThread "C2 CompilerThread1" daemon [_thread_in_native, id=7396, stack(0x0000000056f80000,0x0000000057080000)]

Stack: [0x0000000056f80000,0x0000000057080000]
[error occurred during error reporting (printing stack bounds), id 0xc0000005]

Native frames: (J=compiled Java code, j=interpreted, Vv=VM code, C=native code)


Current CompileTask:
C2:   4870 1494       4       com.android.dx.dex.code.RopToDop::dopFor (792 bytes)


---------------  P R O C E S S  ---------------

Java Threads: ( => current thread )
  0x00000000569a6800 JavaThread "pool-1-thread-4" [_thread_in_Java, id=6476, stack(0x0000000057b50000,0x0000000057c50000)]
  0x0000000056987800 JavaThread "pool-1-thread-3" [_thread_blocked, id=7240, stack(0x0000000057880000,0x0000000057980000)]
  0x0000000056983000 JavaThread "pool-1-thread-2" [_thread_blocked, id=8148, stack(0x0000000057750000,0x0000000057850000)]
  0x00000000568e1000 JavaThread "pool-2-thread-1" [_thread_blocked, id=2368, stack(0x0000000057590000,0x0000000057690000)]
  0x00000000568e0000 JavaThread "pool-1-thread-1" [_thread_in_Java, id=5540, stack(0x0000000056e60000,0x0000000056f60000)]
  0x0000000056786800 JavaThread "Service Thread" daemon [_thread_blocked, id=360, stack(0x0000000057240000,0x0000000057340000)]
  0x0000000056785800 JavaThread "C1 CompilerThread2" daemon [_thread_in_vm, id=6836, stack(0x0000000057090000,0x0000000057190000)]
=>0x0000000056785000 JavaThread "C2 CompilerThread1" daemon [_thread_in_native, id=7396, stack(0x0000000056f80000,0x0000000057080000)]
  0x0000000056733800 JavaThread "C2 CompilerThread0" daemon [_thread_in_native, id=5164, stack(0x0000000056d00000,0x0000000056e00000)]
  0x0000000054932800 JavaThread "Attach Listener" daemon [_thread_blocked, id=3032, stack(0x0000000056420000,0x0000000056520000)]
  0x0000000054931800 JavaThread "Signal Dispatcher" daemon [_thread_blocked, id=4880, stack(0x0000000056b70000,0x0000000056c70000)]
  0x00000000548d2000 JavaThread "Finalizer" daemon [_thread_blocked, id=7092, stack(0x0000000056630000,0x0000000056730000)]
  0x00000000548d0800 JavaThread "Reference Handler" daemon [_thread_blocked, id=7336, stack(0x0000000056520000,0x0000000056620000)]
  0x000000000219e800 JavaThread "main" [_thread_blocked, id=7436, stack(0x0000000002330000,0x0000000002430000)]

Other Threads:
  0x00000000548cb000 VMThread [stack: 0x0000000056230000,0x0000000056330000] [id=8064]
  0x00000000567a0800 WatcherThread [stack: 0x0000000057390000,0x0000000057490000] [id=4704]

VM state:not at safepoint (normal execution)

VM Mutex/Monitor currently owned by a thread:  ([mutex/lock_event])
[0x000000000219d480] CompiledIC_lock - owner thread: 0x0000000056785800

Heap:
 PSYoungGen      total 34304K, used 12062K [0x00000000eab00000, 0x00000000ecf00000, 0x0000000100000000)
  eden space 31744K, 29% used [0x00000000eab00000,0x00000000eb448188,0x00000000eca00000)
  from space 2560K, 99% used [0x00000000eca00000,0x00000000ecc7f8a0,0x00000000ecc80000)
  to   space 2560K, 0% used [0x00000000ecc80000,0x00000000ecc80000,0x00000000ecf00000)
 ParOldGen       total 42496K, used 7857K [0x00000000c0000000, 0x00000000c2980000, 0x00000000eab00000)
  object space 42496K, 18% used [0x00000000c0000000,0x00000000c07ac758,0x00000000c2980000)
 Metaspace       used 6172K, capacity 7088K, committed 7296K, reserved 1056768K
  class space    used 602K, capacity 616K, committed 640K, reserved 1048576K

Card table byte_map: [0x0000000011ac0000,0x0000000011cd0000] byte_map_base: 0x00000000114c0000

Marking Bits: (ParMarkBitMap*) 0x0000000070ada5b0
 Begin Bits: [0x0000000012540000, 0x0000000013540000)
 End Bits:   [0x0000000013540000, 0x0000000014540000)

Polling page: 0x0000000000330000

CodeCache: size=245760Kb used=6762Kb max_used=6762Kb free=238997Kb
 bounds [0x0000000002700000, 0x0000000002da0000, 0x0000000011700000]
 total_blobs=1845 nmethods=1575 adapters=182
 compilation: disabled (not enough contiguous free space left)

Compilation events (10 events):
Event: 4.747 Thread 0x0000000056785800 1581       3       com.android.dx.rop.code.Rops::pickBinaryOp (158 bytes)
Event: 4.748 Thread 0x0000000056785800 nmethod 1581 0x0000000002d95510 code [0x0000000002d95760, 0x0000000002d965d8]
Event: 4.750 Thread 0x0000000056785800 1583       3       java.util.ArrayList$SubList::get (23 bytes)
Event: 4.751 Thread 0x0000000056785800 nmethod 1583 0x0000000002d96e10 code [0x0000000002d96fc0, 0x0000000002d974a8]
Event: 4.751 Thread 0x0000000056785800 1584       3       java.util.ArrayList$SubList::rangeCheck (26 bytes)
Event: 4.751 Thread 0x0000000056785800 nmethod 1584 0x0000000002d977d0 code [0x0000000002d979e0, 0x0000000002d984d8]
Event: 4.751 Thread 0x0000000056785800 1586       3       com.android.dx.ssa.InterferenceRegisterMapper::interferes (78 bytes)
Event: 4.752 Thread 0x0000000056785800 nmethod 1586 0x0000000002d98a90 code [0x0000000002d98cc0, 0x0000000002d99888]
Event: 4.754 Thread 0x0000000056785800 1587       3       com.android.dx.ssa.back.FirstFitLocalCombiningAllocator::getLocalItemForReg (97 bytes)
Event: 4.755 Thread 0x0000000056785800 nmethod 1587 0x0000000002d99fd0 code [0x0000000002d9a220, 0x0000000002d9b158]

GC Heap History (6 events):
Event: 1.218 GC heap before
{Heap before GC invocations=1 (full 0):
 PSYoungGen      total 18432K, used 15872K [0x00000000eab00000, 0x00000000ebf80000, 0x0000000100000000)
  eden space 15872K, 100% used [0x00000000eab00000,0x00000000eba80000,0x00000000eba80000)
  from space 2560K, 0% used [0x00000000ebd00000,0x00000000ebd00000,0x00000000ebf80000)
  to   space 2560K, 0% used [0x00000000eba80000,0x00000000eba80000,0x00000000ebd00000)
 ParOldGen       total 42496K, used 0K [0x00000000c0000000, 0x00000000c2980000, 0x00000000eab00000)
  object space 42496K, 0% used [0x00000000c0000000,0x00000000c0000000,0x00000000c2980000)
 Metaspace       used 5675K, capacity 6640K, committed 6784K, reserved 1056768K
  class space    used 596K, capacity 616K, committed 640K, reserved 1048576K
Event: 1.427 GC heap after
Heap after GC invocations=1 (full 0):
 PSYoungGen      total 18432K, used 2553K [0x00000000eab00000, 0x00000000ecf00000, 0x0000000100000000)
  eden space 15872K, 0% used [0x00000000eab00000,0x00000000eab00000,0x00000000eba80000)
  from space 2560K, 99% used [0x00000000eba80000,0x00000000ebcfe438,0x00000000ebd00000)
  to   space 2560K, 0% used [0x00000000ecc80000,0x00000000ecc80000,0x00000000ecf00000)
 ParOldGen       total 42496K, used 1266K [0x00000000c0000000, 0x00000000c2980000, 0x00000000eab00000)
  object space 42496K, 2% used [0x00000000c0000000,0x00000000c013cb10,0x00000000c2980000)
 Metaspace       used 5675K, capacity 6640K, committed 6784K, reserved 1056768K
  class space    used 596K, capacity 616K, committed 640K, reserved 1048576K
}
Event: 2.019 GC heap before
{Heap before GC invocations=2 (full 0):
 PSYoungGen      total 18432K, used 18425K [0x00000000eab00000, 0x00000000ecf00000, 0x0000000100000000)
  eden space 15872K, 100% used [0x00000000eab00000,0x00000000eba80000,0x00000000eba80000)
  from space 2560K, 99% used [0x00000000eba80000,0x00000000ebcfe438,0x00000000ebd00000)
  to   space 2560K, 0% used [0x00000000ecc80000,0x00000000ecc80000,0x00000000ecf00000)
 ParOldGen       total 42496K, used 1266K [0x00000000c0000000, 0x00000000c2980000, 0x00000000eab00000)
  object space 42496K, 2% used [0x00000000c0000000,0x00000000c013cb10,0x00000000c2980000)
 Metaspace       used 5975K, capacity 6896K, committed 7040K, reserved 1056768K
  class space    used 601K, capacity 616K, committed 640K, reserved 1048576K
Event: 2.057 GC heap after
Heap after GC invocations=2 (full 0):
 PSYoungGen      total 34304K, used 2538K [0x00000000eab00000, 0x00000000ecf00000, 0x0000000100000000)
  eden space 31744K, 0% used [0x00000000eab00000,0x00000000eab00000,0x00000000eca00000)
  from space 2560K, 99% used [0x00000000ecc80000,0x00000000ecefaab8,0x00000000ecf00000)
  to   space 2560K, 0% used [0x00000000eca00000,0x00000000eca00000,0x00000000ecc80000)
 ParOldGen       total 42496K, used 3007K [0x00000000c0000000, 0x00000000c2980000, 0x00000000eab00000)
  object space 42496K, 7% used [0x00000000c0000000,0x00000000c02efcf0,0x00000000c2980000)
 Metaspace       used 5975K, capacity 6896K, committed 7040K, reserved 1056768K
  class space    used 601K, capacity 616K, committed 640K, reserved 1048576K
}
Event: 4.619 GC heap before
{Heap before GC invocations=3 (full 0):
 PSYoungGen      total 34304K, used 34282K [0x00000000eab00000, 0x00000000ecf00000, 0x0000000100000000)
  eden space 31744K, 100% used [0x00000000eab00000,0x00000000eca00000,0x00000000eca00000)
  from space 2560K, 99% used [0x00000000ecc80000,0x00000000ecefaab8,0x00000000ecf00000)
  to   space 2560K, 0% used [0x00000000eca00000,0x00000000eca00000,0x00000000ecc80000)
 ParOldGen       total 42496K, used 3007K [0x00000000c0000000, 0x00000000c2980000, 0x00000000eab00000)
  object space 42496K, 7% used [0x00000000c0000000,0x00000000c02efcf0,0x00000000c2980000)
 Metaspace       used 6165K, capacity 7088K, committed 7296K, reserved 1056768K
  class space    used 602K, capacity 616K, committed 640K, reserved 1048576K
Event: 4.744 GC heap after
Heap after GC invocations=3 (full 0):
 PSYoungGen      total 34304K, used 2558K [0x00000000eab00000, 0x00000000ecf00000, 0x0000000100000000)
  eden space 31744K, 0% used [0x00000000eab00000,0x00000000eab00000,0x00000000eca00000)
  from space 2560K, 99% used [0x00000000eca00000,0x00000000ecc7f8a0,0x00000000ecc80000)
  to   space 2560K, 0% used [0x00000000ecc80000,0x00000000ecc80000,0x00000000ecf00000)
 ParOldGen       total 42496K, used 7857K [0x00000000c0000000, 0x00000000c2980000, 0x00000000eab00000)
  object space 42496K, 18% used [0x00000000c0000000,0x00000000c07ac758,0x00000000c2980000)
 Metaspace       used 6165K, capacity 7088K, committed 7296K, reserved 1056768K
  class space    used 602K, capacity 616K, committed 640K, reserved 1048576K
}

Deoptimization events (10 events):
Event: 3.934 Thread 0x00000000568e0000 Uncommon trap: reason=class_check action=maybe_recompile pc=0x0000000002c4c428 method=java.util.HashMap.putVal(ILjava/lang/Object;Ljava/lang/Object;ZZ)Ljava/lang/Object; @ 203
Event: 3.934 Thread 0x00000000568e0000 Uncommon trap: reason=bimorphic action=maybe_recompile pc=0x0000000002b39098 method=java.util.HashMap.getNode(ILjava/lang/Object;)Ljava/util/HashMap$Node; @ 126
Event: 3.934 Thread 0x00000000568e0000 Uncommon trap: reason=class_check action=maybe_recompile pc=0x0000000002c4c428 method=java.util.HashMap.putVal(ILjava/lang/Object;Ljava/lang/Object;ZZ)Ljava/lang/Object; @ 203
Event: 3.934 Thread 0x00000000568e0000 Uncommon trap: reason=class_check action=maybe_recompile pc=0x0000000002c4c428 method=java.util.HashMap.putVal(ILjava/lang/Object;Ljava/lang/Object;ZZ)Ljava/lang/Object; @ 203
Event: 3.934 Thread 0x00000000568e0000 Uncommon trap: reason=bimorphic action=maybe_recompile pc=0x0000000002b3c6e8 method=java.util.HashMap.getNode(ILjava/lang/Object;)Ljava/util/HashMap$Node; @ 126
Event: 4.525 Thread 0x00000000569a6800 Uncommon trap: reason=bimorphic action=maybe_recompile pc=0x0000000002d21034 method=com.android.dx.cf.code.BytecodeArray.parseInstruction(ILcom/android/dx/cf/code/BytecodeArray$Visitor;)I @ 939
Event: 4.526 Thread 0x00000000569a6800 Uncommon trap: reason=bimorphic action=maybe_recompile pc=0x0000000002d21034 method=com.android.dx.cf.code.BytecodeArray.parseInstruction(ILcom/android/dx/cf/code/BytecodeArray$Visitor;)I @ 939
Event: 4.609 Thread 0x00000000569a6800 Uncommon trap: reason=bimorphic action=maybe_recompile pc=0x0000000002d6e3e8 method=com.android.dx.rop.code.Rops.opMoveResultPseudo(Lcom/android/dx/rop/type/TypeBearer;)Lcom/android/dx/rop/code/Rop; @ 7
Event: 4.612 Thread 0x00000000569a6800 Uncommon trap: reason=bimorphic action=maybe_recompile pc=0x0000000002d55efc method=com.android.dx.ssa.LiteralOpUpgrader.tryReplacingWithConstant(Lcom/android/dx/ssa/NormalSsaInsn;)Z @ 52
Event: 4.750 Thread 0x00000000569a6800 Uncommon trap: reason=unstable_if action=reinterpret pc=0x0000000002c8c968 method=com.android.dx.util.BitIntSet.has(I)Z @ 8

Internal exceptions (3 events):
Event: 0.127 Thread 0x000000000219e800 Exception <a 'java/lang/NoSuchMethodError': Method sun.misc.Unsafe.defineClass(Ljava/lang/String;[BII)Ljava/lang/Class; name or signature does not match> (0x00000000eab13080) thrown at [C:\workspace\8-2-build-windows-amd64-cygwin\jdk8u65\4987\hotspot\src\s97x7?
Event: 0.127 Thread 0x000000000219e800 Exception <a 'java/lang/NoSuchMethodError': Method sun.misc.Unsafe.prefetchRead(Ljava/lang/Object;J)V name or signature does not match> (0x00000000eab13368) thrown at [C:\workspace\8-2-build-windows-amd64-cygwin\jdk8u65\4987\hotspot\src\share\vm\prims\jni.o%i~?
Event: 1.906 Thread 0x00000000569a6800 Implicit null exception at 0x0000000002a5aed2 to 0x0000000002a5afc2

Events (10 events):
Event: 4.609 Thread 0x00000000569a6800 DEOPT PACKING pc=0x0000000002d6e3e8 sp=0x0000000057c4e3f0
Event: 4.609 Thread 0x00000000569a6800 DEOPT UNPACKING pc=0x000000000274582a sp=0x0000000057c4e318 mode 2
Event: 4.612 Thread 0x00000000569a6800 Uncommon trap: trap_request=0xffffffc6 fr.pc=0x0000000002d55efc
Event: 4.612 Thread 0x00000000569a6800 DEOPT PACKING pc=0x0000000002d55efc sp=0x0000000057c4e650
Event: 4.612 Thread 0x00000000569a6800 DEOPT UNPACKING pc=0x000000000274582a sp=0x0000000057c4e5f0 mode 2
Event: 4.618 Executing VM operation: ParallelGCFailedAllocation
Event: 4.744 Executing VM operation: ParallelGCFailedAllocation done
Event: 4.750 Thread 0x00000000569a6800 Uncommon trap: trap_request=0xffffff65 fr.pc=0x0000000002c8c968
Event: 4.750 Thread 0x00000000569a6800 DEOPT PACKING pc=0x0000000002c8c968 sp=0x0000000057c4e6f0
Event: 4.750 Thread 0x00000000569a6800 DEOPT UNPACKING pc=0x000000000274582a sp=0x0000000057c4e618 mode 2


Dynamic libraries:
0x000000013f200000 - 0x000000013f237000 	C:\Program Files\Java\jdk1.8.0_65\bin\java.exe
0x0000000077500000 - 0x00000000776aa000 	C:\Windows\SYSTEM32\ntdll.dll
0x00000000773e0000 - 0x00000000774ff000 	C:\Windows\system32\kernel32.dll
0x000007fefd590000 - 0x000007fefd5fa000 	C:\Windows\system32\KERNELBASE.dll
0x0000000074f50000 - 0x0000000074fd7000 	C:\Windows\System32\SYSFER.DLL
0x000007fefd600000 - 0x000007fefd6db000 	C:\Windows\system32\ADVAPI32.dll
0x000007fefda20000 - 0x000007fefdabf000 	C:\Windows\system32\msvcrt.dll
0x000007fefdbd0000 - 0x000007fefdbef000 	C:\Windows\SYSTEM32\sechost.dll
0x000007fefdbf0000 - 0x000007fefdd1d000 	C:\Windows\system32\RPCRT4.dll
0x00000000772e0000 - 0x00000000773da000 	C:\Windows\system32\USER32.dll
0x000007fefddb0000 - 0x000007fefde17000 	C:\Windows\system32\GDI32.dll
0x000007fefd7b0000 - 0x000007fefd7be000 	C:\Windows\system32\LPK.dll
0x000007fefd6e0000 - 0x000007fefd7aa000 	C:\Windows\system32\USP10.dll
0x000007fefc100000 - 0x000007fefc2f4000 	C:\Windows\WinSxS\amd64_microsoft.windows.common-controls_6595b64144ccf1df_6.0.7601.18837_none_fa3b1e3d17594757\COMCTL32.dll
0x000007fefd9a0000 - 0x000007fefda11000 	C:\Windows\system32\SHLWAPI.dll
0x000007fefdba0000 - 0x000007fefdbce000 	C:\Windows\system32\IMM32.DLL
0x000007fefdf40000 - 0x000007fefe049000 	C:\Windows\system32\MSCTF.dll
0x0000000054f20000 - 0x0000000054ff2000 	C:\Program Files\Java\jdk1.8.0_65\jre\bin\msvcr100.dll
0x00000000702d0000 - 0x0000000070b59000 	C:\Program Files\Java\jdk1.8.0_65\jre\bin\server\jvm.dll
0x000007fefa0a0000 - 0x000007fefa0a9000 	C:\Windows\system32\WSOCK32.dll
0x000007feff2e0000 - 0x000007feff32d000 	C:\Windows\system32\WS2_32.dll
0x000007fefdd80000 - 0x000007fefdd88000 	C:\Windows\system32\NSI.dll
0x000007fefbe70000 - 0x000007fefbeab000 	C:\Windows\system32\WINMM.dll
0x000007fefc590000 - 0x000007fefc59c000 	C:\Windows\system32\VERSION.dll
0x00000000776c0000 - 0x00000000776c7000 	C:\Windows\system32\PSAPI.DLL
0x0000000070fb0000 - 0x0000000070fbf000 	C:\Program Files\Java\jdk1.8.0_65\jre\bin\verify.dll
0x0000000063e10000 - 0x0000000063e39000 	C:\Program Files\Java\jdk1.8.0_65\jre\bin\java.dll
0x0000000070f90000 - 0x0000000070fa6000 	C:\Program Files\Java\jdk1.8.0_65\jre\bin\zip.dll
0x000007fefe050000 - 0x000007fefeddc000 	C:\Windows\system32\SHELL32.dll
0x000007feff600000 - 0x000007feff803000 	C:\Windows\system32\ole32.dll
0x000007fefd240000 - 0x000007fefd24f000 	C:\Windows\system32\profapi.dll

VM Arguments:
jvm_args: -Djava.awt.headless=true -Xmx1024M -Dfile.encoding=windows-1251 -Duser.country=RU -Duser.language=ru -Duser.variant 
java_command: com.android.dx.command.Main --dex --force-jumbo --num-threads=4 --output C:\asp\ShoppingList\app\build\intermediates\pre-dexed\debug\com.android.support-design-23.4.0_8709e2832853947fb67175fdde63517a2064f6a4.jar C:\asp\ShoppingList\app\build\intermediates\exploded-aar\com.android.support\design\23.4.0\jars\classes.jar
java_class_path (initial): C:\Users\avtseben\AppData\Local\Android\Sdk\build-tools\23.0.2\lib\dx.jar
Launcher Type: SUN_STANDARD

Environment Variables:
PATH=C:\Program Files\Broadcom\Broadcom 802.11;c:\Program Files (x86)\Intel\iCLS Client\;c:\Program Files\Intel\iCLS Client\;C:\ProgramData\Oracle\Java\javapath;C:\Windows\system32;C:\Windows;C:\Windows\System32\Wbem;C:\Windows\System32\WindowsPowerShell\v1.0\;C:\Program Files\Intel\Intel(R) Management Engine Components\DAL;C:\Program Files\Intel\Intel(R) Management Engine Components\IPT;C:\Program Files (x86)\Intel\Intel(R) Management Engine Components\DAL;C:\Program Files (x86)\Intel\Intel(R) Management Engine Components\IPT;c:\Program Files\WIDCOMM\Bluetooth Software\;c:\Program Files\WIDCOMM\Bluetooth Software\syswow64;C:\Program Files (x86)\Hewlett-Packard\HP ProtectTools Security Manager\Bin\;C:\Program Files (x86)\Brackets\command;C:\Program Files (x86)\Skype\Phone\;C:\Program Files\OpenVPN\bin;C:\androidSDK\platform-tools\;C:\Program Files\Broadcom\Broadcom 802.11;c:\Program Files (x86)\Intel\iCLS Client\;c:\Program Files\Intel\iCLS Client\;C:\ProgramData\Oracle\Java\javapath;C:\Windows\system32;C:\Windows;C:\Windows\System32\Wbem;C:\Windows\System32\WindowsPowerShell\v1.0\;C:\Program Files\Intel\Intel(R) Management Engine Components\DAL;C:\Program Files\Intel\Intel(R) Management Engine Components\IPT;C:\Program Files (x86)\Intel\Intel(R) Management Engine Components\DAL;C:\Program Files (x86)\Intel\Intel(R) Management Engine Components\IPT;c:\Program Files\WIDCOMM\Bluetooth Software\;c:\Program Files\WIDCOMM\Bluetooth Software\syswow64;C:\Program Files (x86)\Hewlett-Packard\HP ProtectTools Security Manager\Bin\;C:\Program Files (x86)\Brackets\command;C:\Program Files (x86)\Skype\Phone\;C:\Program Files (x86)\ufs2tools-0.8\ufs2tools\;C:\Program Files\Git\bin\;C:\androidSDK\platform-tools
USERNAME=avtseben
OS=Windows_NT
PROCESSOR_IDENTIFIER=Intel64 Family 6 Model 58 Stepping 9, GenuineIntel



---------------  S Y S T E M  ---------------

OS: Windows 7 , 64 bit Build 7601 (6.1.7601.23418)

CPU:total 4 (2 cores per cpu, 2 threads per core) family 6 model 58 stepping 9, cmov, cx8, fxsr, mmx, sse, sse2, sse3, ssse3, sse4.1, sse4.2, popcnt, avx, aes, clmul, erms, ht, tsc, tscinvbit, tscinv

Memory: 4k page, physical 4056748k(199332k free), swap 5581188k(4112k free)

vm_info: Java HotSpot(TM) 64-Bit Server VM (25.65-b01) for windows-amd64 JRE (1.8.0_65-b17), built on Oct  6 2015 16:39:20 by "java_re" with MS VC++ 10.0 (VS2010)

time: Mon Jul 18 22:27:57 2016
elapsed time: 4 seconds (0d 0h 0m 4s)

