#
# There is insufficient memory for the Java Runtime Environment to continue.
# Native memory allocation (malloc) failed to allocate 863024 bytes for Chunk::new
# Possible reasons:
#   The system is out of physical RAM or swap space
#   In 32 bit mode, the process size limit was hit
# Possible solutions:
#   Reduce memory load on the system
#   Increase physical memory or swap space
#   Check if swap backing store is full
#   Use 64 bit Java on a 64 bit OS
#   Decrease Java heap size (-Xmx/-Xms)
#   Decrease number of Java threads
#   Decrease Java thread stack sizes (-Xss)
#   Set larger code cache with -XX:ReservedCodeCacheSize=
# This output file may be truncated or incomplete.
#
#  Out of Memory Error (allocation.cpp:390), pid=8032, tid=948
#
# JRE version: Java(TM) SE Runtime Environment (8.0_65-b17) (build 1.8.0_65-b17)
# Java VM: Java HotSpot(TM) 64-Bit Server VM (25.65-b01 mixed mode windows-amd64 compressed oops)
# Failed to write core dump. Minidumps are not enabled by default on client versions of Windows
#

---------------  T H R E A D  ---------------

Current thread (0x0000000054e58800):  JavaThread "C2 CompilerThread0" daemon [_thread_in_native, id=948, stack(0x0000000056880000,0x0000000056980000)]

Stack: [0x0000000056880000,0x0000000056980000]
[error occurred during error reporting (printing stack bounds), id 0xc0000005]

Native frames: (J=compiled Java code, j=interpreted, Vv=VM code, C=native code)


Current CompileTask:
C2:   9437 1856   !   4       com.android.dx.cf.code.BytecodeArray::parseInstruction (2764 bytes)


---------------  P R O C E S S  ---------------

Java Threads: ( => current thread )
  0x0000000056eaf000 JavaThread "pool-1-thread-4" [_thread_in_Java, id=1636, stack(0x00000000577e0000,0x00000000578e0000)]
  0x0000000056eab000 JavaThread "pool-1-thread-3" [_thread_blocked, id=3704, stack(0x00000000576c0000,0x00000000577c0000)]
  0x0000000056ea9800 JavaThread "pool-1-thread-2" [_thread_blocked, id=2320, stack(0x00000000574e0000,0x00000000575e0000)]
  0x0000000056e9c800 JavaThread "pool-2-thread-1" [_thread_blocked, id=7824, stack(0x0000000057390000,0x0000000057490000)]
  0x0000000056e9c000 JavaThread "pool-1-thread-1" [_thread_blocked, id=4540, stack(0x0000000056a20000,0x0000000056b20000)]
  0x0000000054e5f800 JavaThread "Service Thread" daemon [_thread_blocked, id=7688, stack(0x00000000570d0000,0x00000000571d0000)]
  0x0000000054e5c000 JavaThread "C1 CompilerThread2" daemon [_thread_blocked, id=7696, stack(0x00000000560e0000,0x00000000561e0000)]
  0x0000000054e5b800 JavaThread "C2 CompilerThread1" daemon [_thread_in_native, id=5744, stack(0x0000000056b30000,0x0000000056c30000)]
=>0x0000000054e58800 JavaThread "C2 CompilerThread0" daemon [_thread_in_native, id=948, stack(0x0000000056880000,0x0000000056980000)]
  0x0000000054e54800 JavaThread "Attach Listener" daemon [_thread_blocked, id=2896, stack(0x00000000565c0000,0x00000000566c0000)]
  0x0000000054e4f800 JavaThread "Signal Dispatcher" daemon [_thread_blocked, id=4812, stack(0x0000000056710000,0x0000000056810000)]
  0x0000000054df9000 JavaThread "Finalizer" daemon [_thread_blocked, id=2144, stack(0x0000000056460000,0x0000000056560000)]
  0x0000000054df2000 JavaThread "Reference Handler" daemon [_thread_blocked, id=2956, stack(0x0000000056320000,0x0000000056420000)]
  0x000000000225e800 JavaThread "main" [_thread_blocked, id=3448, stack(0x0000000002280000,0x0000000002380000)]

Other Threads:
  0x0000000054dec800 VMThread [stack: 0x00000000561e0000,0x00000000562e0000] [id=1132]
  0x0000000056cab800 WatcherThread [stack: 0x0000000057280000,0x0000000057380000] [id=3044]

VM state:not at safepoint (normal execution)

VM Mutex/Monitor currently owned by a thread: None

Heap:
 PSYoungGen      total 66048K, used 62196K [0x00000000eab00000, 0x00000000eee00000, 0x0000000100000000)
  eden space 63488K, 93% used [0x00000000eab00000,0x00000000ee53e0b8,0x00000000ee900000)
  from space 2560K, 99% used [0x00000000eeb80000,0x00000000eedff0a0,0x00000000eee00000)
  to   space 2560K, 0% used [0x00000000ee900000,0x00000000ee900000,0x00000000eeb80000)
 ParOldGen       total 42496K, used 13232K [0x00000000c0000000, 0x00000000c2980000, 0x00000000eab00000)
  object space 42496K, 31% used [0x00000000c0000000,0x00000000c0cec0d0,0x00000000c2980000)
 Metaspace       used 6285K, capacity 7092K, committed 7296K, reserved 1056768K
  class space    used 603K, capacity 620K, committed 640K, reserved 1048576K

Card table byte_map: [0x0000000011a10000,0x0000000011c20000] byte_map_base: 0x0000000011410000

Marking Bits: (ParMarkBitMap*) 0x0000000070ada5b0
 Begin Bits: [0x0000000012260000, 0x0000000013260000)
 End Bits:   [0x0000000013260000, 0x0000000014260000)

Polling page: 0x0000000000140000

CodeCache: size=245760Kb used=8276Kb max_used=8276Kb free=237483Kb
 bounds [0x0000000002650000, 0x0000000002e70000, 0x0000000011650000]
 total_blobs=2147 nmethods=1869 adapters=185
 compilation: enabled

Compilation events (10 events):
Event: 9.119 Thread 0x0000000054e5c000 nmethod 1949% 0x0000000002e57350 code [0x0000000002e577c0, 0x0000000002e5a6d8]
Event: 9.119 Thread 0x0000000054e5c000 1947       2       com.android.dx.cf.code.Simulator::requiredArrayTypeFor (61 bytes)
Event: 9.120 Thread 0x0000000054e5c000 nmethod 1947 0x0000000002e5c550 code [0x0000000002e5c700, 0x0000000002e5c9f8]
Event: 9.135 Thread 0x0000000054e5c000 1950       2       java.lang.Integer::bitCount (49 bytes)
Event: 9.135 Thread 0x0000000054e5c000 nmethod 1950 0x0000000002e5cc90 code [0x0000000002e5cde0, 0x0000000002e5cf50]
Event: 9.196 Thread 0x0000000054e5c000 1951       3       com.android.dx.rop.code.RegisterSpecSet::mutableCopy (57 bytes)
Event: 9.197 Thread 0x0000000054e5c000 nmethod 1951 0x0000000002e5cfd0 code [0x0000000002e5d180, 0x0000000002e5d748]
Event: 9.228 Thread 0x0000000054e5c000 1952       3       com.android.dx.dex.cf.CfTranslator::translate0 (259 bytes)
Event: 9.231 Thread 0x0000000054e5c000 nmethod 1952 0x0000000002e5da10 code [0x0000000002e5de80, 0x0000000002e60c38]
Event: 9.433 Thread 0x0000000054e5c000 1953       2       com.android.dx.dex.file.ClassDefItem::addInstanceField (9 bytes)

GC Heap History (8 events):
Event: 1.481 GC heap before
{Heap before GC invocations=1 (full 0):
 PSYoungGen      total 18432K, used 15872K [0x00000000eab00000, 0x00000000ebf80000, 0x0000000100000000)
  eden space 15872K, 100% used [0x00000000eab00000,0x00000000eba80000,0x00000000eba80000)
  from space 2560K, 0% used [0x00000000ebd00000,0x00000000ebd00000,0x00000000ebf80000)
  to   space 2560K, 0% used [0x00000000eba80000,0x00000000eba80000,0x00000000ebd00000)
 ParOldGen       total 42496K, used 0K [0x00000000c0000000, 0x00000000c2980000, 0x00000000eab00000)
  object space 42496K, 0% used [0x00000000c0000000,0x00000000c0000000,0x00000000c2980000)
 Metaspace       used 5691K, capacity 6640K, committed 6784K, reserved 1056768K
  class space    used 598K, capacity 616K, committed 640K, reserved 1048576K
Event: 1.527 GC heap after
Heap after GC invocations=1 (full 0):
 PSYoungGen      total 18432K, used 2532K [0x00000000eab00000, 0x00000000ecf00000, 0x0000000100000000)
  eden space 15872K, 0% used [0x00000000eab00000,0x00000000eab00000,0x00000000eba80000)
  from space 2560K, 98% used [0x00000000eba80000,0x00000000ebcf9388,0x00000000ebd00000)
  to   space 2560K, 0% used [0x00000000ecc80000,0x00000000ecc80000,0x00000000ecf00000)
 ParOldGen       total 42496K, used 1767K [0x00000000c0000000, 0x00000000c2980000, 0x00000000eab00000)
  object space 42496K, 4% used [0x00000000c0000000,0x00000000c01b9e60,0x00000000c2980000)
 Metaspace       used 5691K, capacity 6640K, committed 6784K, reserved 1056768K
  class space    used 598K, capacity 616K, committed 640K, reserved 1048576K
}
Event: 2.113 GC heap before
{Heap before GC invocations=2 (full 0):
 PSYoungGen      total 18432K, used 18404K [0x00000000eab00000, 0x00000000ecf00000, 0x0000000100000000)
  eden space 15872K, 100% used [0x00000000eab00000,0x00000000eba80000,0x00000000eba80000)
  from space 2560K, 98% used [0x00000000eba80000,0x00000000ebcf9388,0x00000000ebd00000)
  to   space 2560K, 0% used [0x00000000ecc80000,0x00000000ecc80000,0x00000000ecf00000)
 ParOldGen       total 42496K, used 1767K [0x00000000c0000000, 0x00000000c2980000, 0x00000000eab00000)
  object space 42496K, 4% used [0x00000000c0000000,0x00000000c01b9e60,0x00000000c2980000)
 Metaspace       used 5916K, capacity 6836K, committed 7040K, reserved 1056768K
  class space    used 601K, capacity 620K, committed 640K, reserved 1048576K
Event: 2.701 GC heap after
Heap after GC invocations=2 (full 0):
 PSYoungGen      total 34304K, used 2552K [0x00000000eab00000, 0x00000000ecf00000, 0x0000000100000000)
  eden space 31744K, 0% used [0x00000000eab00000,0x00000000eab00000,0x00000000eca00000)
  from space 2560K, 99% used [0x00000000ecc80000,0x00000000ecefe000,0x00000000ecf00000)
  to   space 2560K, 0% used [0x00000000eca00000,0x00000000eca00000,0x00000000ecc80000)
 ParOldGen       total 42496K, used 3526K [0x00000000c0000000, 0x00000000c2980000, 0x00000000eab00000)
  object space 42496K, 8% used [0x00000000c0000000,0x00000000c0371bb0,0x00000000c2980000)
 Metaspace       used 5916K, capacity 6836K, committed 7040K, reserved 1056768K
  class space    used 601K, capacity 620K, committed 640K, reserved 1048576K
}
Event: 5.338 GC heap before
{Heap before GC invocations=3 (full 0):
 PSYoungGen      total 34304K, used 34296K [0x00000000eab00000, 0x00000000ecf00000, 0x0000000100000000)
  eden space 31744K, 100% used [0x00000000eab00000,0x00000000eca00000,0x00000000eca00000)
  from space 2560K, 99% used [0x00000000ecc80000,0x00000000ecefe000,0x00000000ecf00000)
  to   space 2560K, 0% used [0x00000000eca00000,0x00000000eca00000,0x00000000ecc80000)
 ParOldGen       total 42496K, used 3526K [0x00000000c0000000, 0x00000000c2980000, 0x00000000eab00000)
  object space 42496K, 8% used [0x00000000c0000000,0x00000000c0371bb0,0x00000000c2980000)
 Metaspace       used 6187K, capacity 7092K, committed 7296K, reserved 1056768K
  class space    used 603K, capacity 620K, committed 640K, reserved 1048576K
Event: 5.353 GC heap after
Heap after GC invocations=3 (full 0):
 PSYoungGen      total 34304K, used 2555K [0x00000000eab00000, 0x00000000eee00000, 0x0000000100000000)
  eden space 31744K, 0% used [0x00000000eab00000,0x00000000eab00000,0x00000000eca00000)
  from space 2560K, 99% used [0x00000000eca00000,0x00000000ecc7ec30,0x00000000ecc80000)
  to   space 2560K, 0% used [0x00000000eeb80000,0x00000000eeb80000,0x00000000eee00000)
 ParOldGen       total 42496K, used 8564K [0x00000000c0000000, 0x00000000c2980000, 0x00000000eab00000)
  object space 42496K, 20% used [0x00000000c0000000,0x00000000c085d3b0,0x00000000c2980000)
 Metaspace       used 6187K, capacity 7092K, committed 7296K, reserved 1056768K
  class space    used 603K, capacity 620K, committed 640K, reserved 1048576K
}
Event: 7.155 GC heap before
{Heap before GC invocations=4 (full 0):
 PSYoungGen      total 34304K, used 34299K [0x00000000eab00000, 0x00000000eee00000, 0x0000000100000000)
  eden space 31744K, 100% used [0x00000000eab00000,0x00000000eca00000,0x00000000eca00000)
  from space 2560K, 99% used [0x00000000eca00000,0x00000000ecc7ec30,0x00000000ecc80000)
  to   space 2560K, 0% used [0x00000000eeb80000,0x00000000eeb80000,0x00000000eee00000)
 ParOldGen       total 42496K, used 8564K [0x00000000c0000000, 0x00000000c2980000, 0x00000000eab00000)
  object space 42496K, 20% used [0x00000000c0000000,0x00000000c085d3b0,0x00000000c2980000)
 Metaspace       used 6216K, capacity 7092K, committed 7296K, reserved 1056768K
  class space    used 603K, capacity 620K, committed 640K, reserved 1048576K
Event: 7.270 GC heap after
Heap after GC invocations=4 (full 0):
 PSYoungGen      total 66048K, used 2556K [0x00000000eab00000, 0x00000000eee00000, 0x0000000100000000)
  eden space 63488K, 0% used [0x00000000eab00000,0x00000000eab00000,0x00000000ee900000)
  from space 2560K, 99% used [0x00000000eeb80000,0x00000000eedff0a0,0x00000000eee00000)
  to   space 2560K, 0% used [0x00000000ee900000,0x00000000ee900000,0x00000000eeb80000)
 ParOldGen       total 42496K, used 13232K [0x00000000c0000000, 0x00000000c2980000, 0x00000000eab00000)
  object space 42496K, 31% used [0x00000000c0000000,0x00000000c0cec0d0,0x00000000c2980000)
 Metaspace       used 6216K, capacity 7092K, committed 7296K, reserved 1056768K
  class space    used 603K, capacity 620K, committed 640K, reserved 1048576K
}

Deoptimization events (10 events):
Event: 8.733 Thread 0x0000000056eaf000 Uncommon trap: reason=bimorphic action=maybe_recompile pc=0x0000000002d5969c method=com.android.dx.cf.code.BytecodeArray.parseInstruction(ILcom/android/dx/cf/code/BytecodeArray$Visitor;)I @ 1327
Event: 8.733 Thread 0x0000000056eaf000 Uncommon trap: reason=bimorphic action=maybe_recompile pc=0x0000000002d590d4 method=com.android.dx.cf.code.BytecodeArray.parseInstruction(ILcom/android/dx/cf/code/BytecodeArray$Visitor;)I @ 939
Event: 8.733 Thread 0x0000000056eaf000 Uncommon trap: reason=bimorphic action=maybe_recompile pc=0x0000000002d5969c method=com.android.dx.cf.code.BytecodeArray.parseInstruction(ILcom/android/dx/cf/code/BytecodeArray$Visitor;)I @ 1327
Event: 8.733 Thread 0x0000000056eaf000 Uncommon trap: reason=unstable_if action=reinterpret pc=0x0000000002cb3f90 method=com.android.dx.cf.code.RopperMachine.run(Lcom/android/dx/cf/code/Frame;II)V @ 1500
Event: 8.733 Thread 0x0000000056eaf000 Uncommon trap: reason=class_check action=maybe_recompile pc=0x0000000002df3c14 method=com.android.dx.cf.code.Ropper.processBlock(Lcom/android/dx/cf/code/ByteBlock;Lcom/android/dx/cf/code/Frame;[I)V @ 777
Event: 8.804 Thread 0x0000000056eab000 Uncommon trap: reason=unstable_if action=reinterpret pc=0x0000000002c71d18 method=com.android.dx.rop.code.RegisterSpecSet.localItemToSpec(Lcom/android/dx/rop/code/LocalItem;)Lcom/android/dx/rop/code/RegisterSpec; @ 35
Event: 8.872 Thread 0x0000000056eaf000 Uncommon trap: reason=unstable_if action=reinterpret pc=0x0000000002b190e4 method=com.android.dx.ssa.SsaBasicBlock.scheduleMovesFromPhis()V @ 63
Event: 9.003 Thread 0x0000000056ea9800 Uncommon trap: reason=unstable_if action=reinterpret pc=0x0000000002d4630c method=com.android.dx.rop.code.RegisterSpecSet.<init>(I)V @ 2
Event: 9.003 Thread 0x0000000056ea9800 Uncommon trap: reason=unstable_if action=reinterpret pc=0x0000000002980410 method=com.android.dx.rop.code.RegisterSpecSet.<init>(I)V @ 2
Event: 9.058 Thread 0x0000000056ea9800 Uncommon trap: reason=class_check action=maybe_recompile pc=0x0000000002df3c14 method=com.android.dx.cf.code.Ropper.processBlock(Lcom/android/dx/cf/code/ByteBlock;Lcom/android/dx/cf/code/Frame;[I)V @ 777

Internal exceptions (4 events):
Event: 0.122 Thread 0x000000000225e800 Exception <a 'java/lang/NoSuchMethodError': Method sun.misc.Unsafe.defineClass(Ljava/lang/String;[BII)Ljava/lang/Class; name or signature does not match> (0x00000000eab13080) thrown at [C:\workspace\8-2-build-windows-amd64-cygwin\jdk8u65\4987\hotspot\src\s²nÂùl/¿?
Event: 0.122 Thread 0x000000000225e800 Exception <a 'java/lang/NoSuchMethodError': Method sun.misc.Unsafe.prefetchRead(Ljava/lang/Object;J)V name or signature does not match> (0x00000000eab13368) thrown at [C:\workspace\8-2-build-windows-amd64-cygwin\jdk8u65\4987\hotspot\src\share\vm\prims\jni.*À‘ÆX£ø?
Event: 1.540 Thread 0x0000000056eaf000 Implicit null exception at 0x00000000028b5bfe to 0x00000000028b7475
Event: 1.540 Thread 0x0000000056eaf000 Implicit null exception at 0x00000000028aa03a to 0x00000000028ab7b1

Events (10 events):
Event: 9.003 Thread 0x0000000056ea9800 DEOPT PACKING pc=0x0000000002d4630c sp=0x00000000575de980
Event: 9.003 Thread 0x0000000056ea9800 DEOPT UNPACKING pc=0x000000000269582a sp=0x00000000575de838 mode 2
Event: 9.003 Thread 0x0000000056ea9800 Uncommon trap: trap_request=0xffffff65 fr.pc=0x0000000002980410
Event: 9.003 Thread 0x0000000056ea9800 DEOPT PACKING pc=0x0000000002980410 sp=0x00000000575de870
Event: 9.003 Thread 0x0000000056ea9800 DEOPT UNPACKING pc=0x000000000269582a sp=0x00000000575de7a8 mode 2
Event: 9.058 Thread 0x0000000056ea9800 Uncommon trap: trap_request=0xffffffde fr.pc=0x0000000002df3c14
Event: 9.058 Thread 0x0000000056ea9800 DEOPT PACKING pc=0x0000000002df3c14 sp=0x00000000575de700
Event: 9.058 Thread 0x0000000056ea9800 DEOPT UNPACKING pc=0x000000000269582a sp=0x00000000575de718 mode 2
Event: 9.196 Thread 0x0000000056eab000 DEOPT PACKING pc=0x0000000002e45c9b sp=0x00000000577bed50
Event: 9.196 Thread 0x0000000056eab000 DEOPT UNPACKING pc=0x000000000269787f sp=0x00000000577beaa8 mode 0


Dynamic libraries:
0x000000013f200000 - 0x000000013f237000 	C:\Program Files\Java\jdk1.8.0_65\bin\java.exe
0x0000000077500000 - 0x00000000776aa000 	C:\Windows\SYSTEM32\ntdll.dll
0x00000000773e0000 - 0x00000000774ff000 	C:\Windows\system32\kernel32.dll
0x000007fefd590000 - 0x000007fefd5fa000 	C:\Windows\system32\KERNELBASE.dll
0x0000000074f50000 - 0x0000000074fd7000 	C:\Windows\System32\SYSFER.DLL
0x000007fefd600000 - 0x000007fefd6db000 	C:\Windows\system32\ADVAPI32.dll
0x000007fefda20000 - 0x000007fefdabf000 	C:\Windows\system32\msvcrt.dll
0x000007fefdbd0000 - 0x000007fefdbef000 	C:\Windows\SYSTEM32\sechost.dll
0x000007fefdbf0000 - 0x000007fefdd1d000 	C:\Windows\system32\RPCRT4.dll
0x00000000772e0000 - 0x00000000773da000 	C:\Windows\system32\USER32.dll
0x000007fefddb0000 - 0x000007fefde17000 	C:\Windows\system32\GDI32.dll
0x000007fefd7b0000 - 0x000007fefd7be000 	C:\Windows\system32\LPK.dll
0x000007fefd6e0000 - 0x000007fefd7aa000 	C:\Windows\system32\USP10.dll
0x000007fefc100000 - 0x000007fefc2f4000 	C:\Windows\WinSxS\amd64_microsoft.windows.common-controls_6595b64144ccf1df_6.0.7601.18837_none_fa3b1e3d17594757\COMCTL32.dll
0x000007fefd9a0000 - 0x000007fefda11000 	C:\Windows\system32\SHLWAPI.dll
0x000007fefdba0000 - 0x000007fefdbce000 	C:\Windows\system32\IMM32.DLL
0x000007fefdf40000 - 0x000007fefe049000 	C:\Windows\system32\MSCTF.dll
0x0000000054f20000 - 0x0000000054ff2000 	C:\Program Files\Java\jdk1.8.0_65\jre\bin\msvcr100.dll
0x00000000702d0000 - 0x0000000070b59000 	C:\Program Files\Java\jdk1.8.0_65\jre\bin\server\jvm.dll
0x000007fefa0a0000 - 0x000007fefa0a9000 	C:\Windows\system32\WSOCK32.dll
0x000007feff2e0000 - 0x000007feff32d000 	C:\Windows\system32\WS2_32.dll
0x000007fefdd80000 - 0x000007fefdd88000 	C:\Windows\system32\NSI.dll
0x000007fefbe70000 - 0x000007fefbeab000 	C:\Windows\system32\WINMM.dll
0x000007fefc590000 - 0x000007fefc59c000 	C:\Windows\system32\VERSION.dll
0x00000000776c0000 - 0x00000000776c7000 	C:\Windows\system32\PSAPI.DLL
0x0000000070fb0000 - 0x0000000070fbf000 	C:\Program Files\Java\jdk1.8.0_65\jre\bin\verify.dll
0x0000000063e10000 - 0x0000000063e39000 	C:\Program Files\Java\jdk1.8.0_65\jre\bin\java.dll
0x0000000070f90000 - 0x0000000070fa6000 	C:\Program Files\Java\jdk1.8.0_65\jre\bin\zip.dll
0x000007fefe050000 - 0x000007fefeddc000 	C:\Windows\system32\SHELL32.dll
0x000007feff600000 - 0x000007feff803000 	C:\Windows\system32\ole32.dll
0x000007fefd240000 - 0x000007fefd24f000 	C:\Windows\system32\profapi.dll

VM Arguments:
jvm_args: -Djava.awt.headless=true -Xmx1024M -Dfile.encoding=windows-1251 -Duser.country=RU -Duser.language=ru -Duser.variant 
java_command: com.android.dx.command.Main --dex --force-jumbo --num-threads=4 --output C:\asp\ShoppingList\app\build\intermediates\pre-dexed\debug\io.realm-realm-android-library-1.1.0_b14b4d939fc0024c62f573124c3b436f26205cc0.jar C:\asp\ShoppingList\app\build\intermediates\exploded-aar\io.realm\realm-android-library\1.1.0\jars\classes.jar
java_class_path (initial): C:\Users\avtseben\AppData\Local\Android\Sdk\build-tools\23.0.2\lib\dx.jar
Launcher Type: SUN_STANDARD

Environment Variables:
PATH=C:\Program Files\Broadcom\Broadcom 802.11;c:\Program Files (x86)\Intel\iCLS Client\;c:\Program Files\Intel\iCLS Client\;C:\ProgramData\Oracle\Java\javapath;C:\Windows\system32;C:\Windows;C:\Windows\System32\Wbem;C:\Windows\System32\WindowsPowerShell\v1.0\;C:\Program Files\Intel\Intel(R) Management Engine Components\DAL;C:\Program Files\Intel\Intel(R) Management Engine Components\IPT;C:\Program Files (x86)\Intel\Intel(R) Management Engine Components\DAL;C:\Program Files (x86)\Intel\Intel(R) Management Engine Components\IPT;c:\Program Files\WIDCOMM\Bluetooth Software\;c:\Program Files\WIDCOMM\Bluetooth Software\syswow64;C:\Program Files (x86)\Hewlett-Packard\HP ProtectTools Security Manager\Bin\;C:\Program Files (x86)\Brackets\command;C:\Program Files (x86)\Skype\Phone\;C:\Program Files\OpenVPN\bin;C:\androidSDK\platform-tools\;C:\Program Files\Broadcom\Broadcom 802.11;c:\Program Files (x86)\Intel\iCLS Client\;c:\Program Files\Intel\iCLS Client\;C:\ProgramData\Oracle\Java\javapath;C:\Windows\system32;C:\Windows;C:\Windows\System32\Wbem;C:\Windows\System32\WindowsPowerShell\v1.0\;C:\Program Files\Intel\Intel(R) Management Engine Components\DAL;C:\Program Files\Intel\Intel(R) Management Engine Components\IPT;C:\Program Files (x86)\Intel\Intel(R) Management Engine Components\DAL;C:\Program Files (x86)\Intel\Intel(R) Management Engine Components\IPT;c:\Program Files\WIDCOMM\Bluetooth Software\;c:\Program Files\WIDCOMM\Bluetooth Software\syswow64;C:\Program Files (x86)\Hewlett-Packard\HP ProtectTools Security Manager\Bin\;C:\Program Files (x86)\Brackets\command;C:\Program Files (x86)\Skype\Phone\;C:\Program Files (x86)\ufs2tools-0.8\ufs2tools\;C:\Program Files\Git\bin\;C:\androidSDK\platform-tools
USERNAME=avtseben
OS=Windows_NT
PROCESSOR_IDENTIFIER=Intel64 Family 6 Model 58 Stepping 9, GenuineIntel



---------------  S Y S T E M  ---------------

OS: Windows 7 , 64 bit Build 7601 (6.1.7601.23418)

CPU:total 4 (2 cores per cpu, 2 threads per core) family 6 model 58 stepping 9, cmov, cx8, fxsr, mmx, sse, sse2, sse3, ssse3, sse4.1, sse4.2, popcnt, avx, aes, clmul, erms, ht, tsc, tscinvbit, tscinv

Memory: 4k page, physical 4056748k(123260k free), swap 5581188k(5912k free)

vm_info: Java HotSpot(TM) 64-Bit Server VM (25.65-b01) for windows-amd64 JRE (1.8.0_65-b17), built on Oct  6 2015 16:39:20 by "java_re" with MS VC++ 10.0 (VS2010)

time: Mon Jul 18 22:29:17 2016
elapsed time: 9 seconds (0d 0h 0m 9s)

