#
# There is insufficient memory for the Java Runtime Environment to continue.
# Native memory allocation (malloc) failed to allocate 291296 bytes for Chunk::new
# Possible reasons:
#   The system is out of physical RAM or swap space
#   In 32 bit mode, the process size limit was hit
# Possible solutions:
#   Reduce memory load on the system
#   Increase physical memory or swap space
#   Check if swap backing store is full
#   Use 64 bit Java on a 64 bit OS
#   Decrease Java heap size (-Xmx/-Xms)
#   Decrease number of Java threads
#   Decrease Java thread stack sizes (-Xss)
#   Set larger code cache with -XX:ReservedCodeCacheSize=
# This output file may be truncated or incomplete.
#
#  Out of Memory Error (allocation.cpp:390), pid=4808, tid=7432
#
# JRE version: Java(TM) SE Runtime Environment (8.0_65-b17) (build 1.8.0_65-b17)
# Java VM: Java HotSpot(TM) 64-Bit Server VM (25.65-b01 mixed mode windows-amd64 compressed oops)
# Failed to write core dump. Minidumps are not enabled by default on client versions of Windows
#

---------------  T H R E A D  ---------------

Current thread (0x000000005651b000):  JavaThread "C2 CompilerThread1" daemon [_thread_in_native, id=7432, stack(0x0000000056e80000,0x0000000056f80000)]

Stack: [0x0000000056e80000,0x0000000056f80000]
[error occurred during error reporting (printing stack bounds), id 0xc0000005]

Native frames: (J=compiled Java code, j=interpreted, Vv=VM code, C=native code)


Current CompileTask:
C2:   3881 1175       4       com.android.dx.ssa.SsaMethod::forEachInsn (36 bytes)


---------------  P R O C E S S  ---------------

Java Threads: ( => current thread )
  0x00000000567b6800 JavaThread "pool-1-thread-4" [_thread_blocked, id=7456, stack(0x00000000580c0000,0x00000000581c0000)]
  0x00000000567b4000 JavaThread "pool-1-thread-3" [_thread_in_vm, id=5180, stack(0x0000000057fb0000,0x00000000580b0000)]
  0x000000005679d800 JavaThread "pool-1-thread-2" [_thread_blocked, id=6536, stack(0x0000000057de0000,0x0000000057ee0000)]
  0x0000000056834000 JavaThread "pool-2-thread-1" [_thread_blocked, id=344, stack(0x0000000057cc0000,0x0000000057dc0000)]
  0x0000000056833800 JavaThread "pool-1-thread-1" [_thread_blocked, id=7448, stack(0x0000000057ae0000,0x0000000057be0000)]
  0x0000000056596800 JavaThread "Service Thread" daemon [_thread_blocked, id=6104, stack(0x0000000056f80000,0x0000000057080000)]
  0x000000005651c000 JavaThread "C1 CompilerThread2" daemon [_thread_in_native, id=2368, stack(0x0000000056d50000,0x0000000056e50000)]
=>0x000000005651b000 JavaThread "C2 CompilerThread1" daemon [_thread_in_native, id=7432, stack(0x0000000056e80000,0x0000000056f80000)]
  0x0000000056515800 JavaThread "C2 CompilerThread0" daemon [_thread_in_native, id=4744, stack(0x0000000056c00000,0x0000000056d00000)]
  0x0000000056511000 JavaThread "Attach Listener" daemon [_thread_blocked, id=1196, stack(0x00000000569e0000,0x0000000056ae0000)]
  0x0000000056510800 JavaThread "Signal Dispatcher" daemon [_thread_blocked, id=2864, stack(0x0000000056260000,0x0000000056360000)]
  0x00000000548e2000 JavaThread "Finalizer" daemon [_thread_blocked, id=7524, stack(0x0000000056410000,0x0000000056510000)]
  0x00000000548e0800 JavaThread "Reference Handler" daemon [_thread_blocked, id=5452, stack(0x0000000056120000,0x0000000056220000)]
  0x00000000020be800 JavaThread "main" [_thread_blocked, id=7672, stack(0x00000000022b0000,0x00000000023b0000)]

Other Threads:
  0x00000000548db000 VMThread [stack: 0x0000000056000000,0x0000000056100000] [id=2408]
  0x00000000565a6000 WatcherThread [stack: 0x00000000571e0000,0x00000000572e0000] [id=5200]

VM state:not at safepoint (normal execution)

VM Mutex/Monitor currently owned by a thread: None

Heap:
 PSYoungGen      total 18432K, used 16513K [0x00000000eab00000, 0x00000000ecf00000, 0x0000000100000000)
  eden space 15872K, 88% used [0x00000000eab00000,0x00000000eb8a71d0,0x00000000eba80000)
  from space 2560K, 98% used [0x00000000eba80000,0x00000000ebcf9628,0x00000000ebd00000)
  to   space 2560K, 0% used [0x00000000ecc80000,0x00000000ecc80000,0x00000000ecf00000)
 ParOldGen       total 42496K, used 698K [0x00000000c0000000, 0x00000000c2980000, 0x00000000eab00000)
  object space 42496K, 1% used [0x00000000c0000000,0x00000000c00aeb60,0x00000000c2980000)
 Metaspace       used 5983K, capacity 6896K, committed 7040K, reserved 1056768K
  class space    used 602K, capacity 616K, committed 640K, reserved 1048576K

Card table byte_map: [0x0000000011a40000,0x0000000011c50000] byte_map_base: 0x0000000011440000

Marking Bits: (ParMarkBitMap*) 0x0000000070ada5b0
 Begin Bits: [0x0000000012550000, 0x0000000013550000)
 End Bits:   [0x0000000013550000, 0x0000000014550000)

Polling page: 0x0000000000140000

CodeCache: size=245760Kb used=4617Kb max_used=4629Kb free=241142Kb
 bounds [0x0000000002680000, 0x0000000002b10000, 0x0000000011680000]
 total_blobs=1443 nmethods=1174 adapters=182
 compilation: enabled

Compilation events (10 events):
Event: 3.871 Thread 0x000000005651c000 nmethod 1173 0x0000000002affc50 code [0x0000000002afff00, 0x0000000002b01078]
Event: 3.872 Thread 0x000000005651c000 1176       3       com.android.dx.cf.code.BasicBlocker::visitNoArgs (298 bytes)
Event: 3.873 Thread 0x000000005651c000 nmethod 1176 0x0000000002b04f90 code [0x0000000002b05200, 0x0000000002b05fb8]
Event: 3.873 Thread 0x000000005651c000 1178   !   3       com.android.dx.rop.code.RegisterSpecSet::put (104 bytes)
Event: 3.874 Thread 0x000000005651c000 nmethod 1178 0x0000000002b06b90 code [0x0000000002b06de0, 0x0000000002b07d48]
Event: 3.874 Thread 0x000000005651c000 1179       3       java.util.TreeMap::rotateRight (96 bytes)
Event: 3.875 Thread 0x000000005651c000 nmethod 1179 0x0000000002b086d0 code [0x0000000002b08840, 0x0000000002b08b90]
Event: 3.875 Thread 0x000000005651c000 1177       3       com.android.dx.cf.code.Simulator$SimVisitor::visitNoArgs (2108 bytes)
Event: 3.876 Thread 0x0000000056515800 nmethod 1165 0x0000000002b08c90 code [0x0000000002b08e00, 0x0000000002b09378]
Event: 3.877 Thread 0x0000000056515800 1180       4       com.android.dx.ssa.SsaBasicBlock::forEachPhiInsn (54 bytes)

GC Heap History (2 events):
Event: 1.980 GC heap before
{Heap before GC invocations=1 (full 0):
 PSYoungGen      total 18432K, used 15872K [0x00000000eab00000, 0x00000000ebf80000, 0x0000000100000000)
  eden space 15872K, 100% used [0x00000000eab00000,0x00000000eba80000,0x00000000eba80000)
  from space 2560K, 0% used [0x00000000ebd00000,0x00000000ebd00000,0x00000000ebf80000)
  to   space 2560K, 0% used [0x00000000eba80000,0x00000000eba80000,0x00000000ebd00000)
 ParOldGen       total 42496K, used 0K [0x00000000c0000000, 0x00000000c2980000, 0x00000000eab00000)
  object space 42496K, 0% used [0x00000000c0000000,0x00000000c0000000,0x00000000c2980000)
 Metaspace       used 5449K, capacity 6448K, committed 6528K, reserved 1056768K
  class space    used 598K, capacity 616K, committed 640K, reserved 1048576K
Event: 2.237 GC heap after
Heap after GC invocations=1 (full 0):
 PSYoungGen      total 18432K, used 2533K [0x00000000eab00000, 0x00000000ecf00000, 0x0000000100000000)
  eden space 15872K, 0% used [0x00000000eab00000,0x00000000eab00000,0x00000000eba80000)
  from space 2560K, 98% used [0x00000000eba80000,0x00000000ebcf9628,0x00000000ebd00000)
  to   space 2560K, 0% used [0x00000000ecc80000,0x00000000ecc80000,0x00000000ecf00000)
 ParOldGen       total 42496K, used 698K [0x00000000c0000000, 0x00000000c2980000, 0x00000000eab00000)
  object space 42496K, 1% used [0x00000000c0000000,0x00000000c00aeb60,0x00000000c2980000)
 Metaspace       used 5449K, capacity 6448K, committed 6528K, reserved 1056768K
  class space    used 598K, capacity 616K, committed 640K, reserved 1048576K
}

Deoptimization events (6 events):
Event: 2.644 Thread 0x0000000056833800 Uncommon trap: reason=unstable_if action=reinterpret pc=0x0000000002888968 method=java.util.HashMap.getNode(ILjava/lang/Object;)Ljava/util/HashMap$Node; @ 62
Event: 2.670 Thread 0x000000005679d800 Uncommon trap: reason=unstable_if action=reinterpret pc=0x0000000002887e60 method=java.util.BitSet.nextSetBit(I)I @ 87
Event: 3.449 Thread 0x00000000567b6800 Uncommon trap: reason=unstable_if action=reinterpret pc=0x00000000029ca350 method=com.android.dx.rop.code.RegisterSpec.equals(ILcom/android/dx/rop/type/TypeBearer;Lcom/android/dx/rop/code/LocalItem;)Z @ 42
Event: 3.619 Thread 0x00000000567b6800 Uncommon trap: reason=bimorphic action=maybe_recompile pc=0x000000000289188c method=java.util.HashMap.getNode(ILjava/lang/Object;)Ljava/util/HashMap$Node; @ 126
Event: 3.872 Thread 0x00000000567b6800 Uncommon trap: reason=unstable_if action=reinterpret pc=0x0000000002a64d9c method=com.android.dx.rop.code.RegisterSpecSet.put(Lcom/android/dx/rop/code/RegisterSpec;)V @ 77
Event: 3.872 Thread 0x00000000567b6800 Uncommon trap: reason=unstable_if action=reinterpret pc=0x0000000002a6e498 method=com.android.dx.rop.code.RegisterSpecSet.put(Lcom/android/dx/rop/code/RegisterSpec;)V @ 77

Internal exceptions (2 events):
Event: 0.123 Thread 0x00000000020be800 Exception <a 'java/lang/NoSuchMethodError': Method sun.misc.Unsafe.defineClass(Ljava/lang/String;[BII)Ljava/lang/Class; name or signature does not match> (0x00000000eab13080) thrown at [C:\workspace\8-2-build-windows-amd64-cygwin\jdk8u65\4987\hotspot\src\s»‰Ôâqxø?
Event: 0.123 Thread 0x00000000020be800 Exception <a 'java/lang/NoSuchMethodError': Method sun.misc.Unsafe.prefetchRead(Ljava/lang/Object;J)V name or signature does not match> (0x00000000eab13368) thrown at [C:\workspace\8-2-build-windows-amd64-cygwin\jdk8u65\4987\hotspot\src\share\vm\prims\jni.

Events (10 events):
Event: 3.449 Thread 0x00000000567b6800 DEOPT UNPACKING pc=0x00000000026c582a sp=0x00000000581be8e8 mode 2
Event: 3.619 Thread 0x00000000567b6800 Uncommon trap: trap_request=0xffffffc6 fr.pc=0x000000000289188c
Event: 3.619 Thread 0x00000000567b6800 DEOPT PACKING pc=0x000000000289188c sp=0x00000000581bea00
Event: 3.619 Thread 0x00000000567b6800 DEOPT UNPACKING pc=0x00000000026c582a sp=0x00000000581be918 mode 2
Event: 3.872 Thread 0x00000000567b6800 Uncommon trap: trap_request=0xffffff65 fr.pc=0x0000000002a64d9c
Event: 3.872 Thread 0x00000000567b6800 DEOPT PACKING pc=0x0000000002a64d9c sp=0x00000000581be9b0
Event: 3.872 Thread 0x00000000567b6800 DEOPT UNPACKING pc=0x00000000026c582a sp=0x00000000581be938 mode 2
Event: 3.872 Thread 0x00000000567b6800 Uncommon trap: trap_request=0xffffff65 fr.pc=0x0000000002a6e498
Event: 3.872 Thread 0x00000000567b6800 DEOPT PACKING pc=0x0000000002a6e498 sp=0x00000000581be9a0
Event: 3.872 Thread 0x00000000567b6800 DEOPT UNPACKING pc=0x00000000026c582a sp=0x00000000581be8c0 mode 2


Dynamic libraries:
0x000000013f200000 - 0x000000013f237000 	C:\Program Files\Java\jdk1.8.0_65\bin\java.exe
0x0000000077500000 - 0x00000000776aa000 	C:\Windows\SYSTEM32\ntdll.dll
0x00000000773e0000 - 0x00000000774ff000 	C:\Windows\system32\kernel32.dll
0x000007fefd590000 - 0x000007fefd5fa000 	C:\Windows\system32\KERNELBASE.dll
0x0000000074f50000 - 0x0000000074fd7000 	C:\Windows\System32\SYSFER.DLL
0x000007fefd600000 - 0x000007fefd6db000 	C:\Windows\system32\ADVAPI32.dll
0x000007fefda20000 - 0x000007fefdabf000 	C:\Windows\system32\msvcrt.dll
0x000007fefdbd0000 - 0x000007fefdbef000 	C:\Windows\SYSTEM32\sechost.dll
0x000007fefdbf0000 - 0x000007fefdd1d000 	C:\Windows\system32\RPCRT4.dll
0x00000000772e0000 - 0x00000000773da000 	C:\Windows\system32\USER32.dll
0x000007fefddb0000 - 0x000007fefde17000 	C:\Windows\system32\GDI32.dll
0x000007fefd7b0000 - 0x000007fefd7be000 	C:\Windows\system32\LPK.dll
0x000007fefd6e0000 - 0x000007fefd7aa000 	C:\Windows\system32\USP10.dll
0x000007fefc100000 - 0x000007fefc2f4000 	C:\Windows\WinSxS\amd64_microsoft.windows.common-controls_6595b64144ccf1df_6.0.7601.18837_none_fa3b1e3d17594757\COMCTL32.dll
0x000007fefd9a0000 - 0x000007fefda11000 	C:\Windows\system32\SHLWAPI.dll
0x000007fefdba0000 - 0x000007fefdbce000 	C:\Windows\system32\IMM32.DLL
0x000007fefdf40000 - 0x000007fefe049000 	C:\Windows\system32\MSCTF.dll
0x0000000054f20000 - 0x0000000054ff2000 	C:\Program Files\Java\jdk1.8.0_65\jre\bin\msvcr100.dll
0x00000000702d0000 - 0x0000000070b59000 	C:\Program Files\Java\jdk1.8.0_65\jre\bin\server\jvm.dll
0x000007fefa0a0000 - 0x000007fefa0a9000 	C:\Windows\system32\WSOCK32.dll
0x000007feff2e0000 - 0x000007feff32d000 	C:\Windows\system32\WS2_32.dll
0x000007fefdd80000 - 0x000007fefdd88000 	C:\Windows\system32\NSI.dll
0x000007fefbe70000 - 0x000007fefbeab000 	C:\Windows\system32\WINMM.dll
0x000007fefc590000 - 0x000007fefc59c000 	C:\Windows\system32\VERSION.dll
0x00000000776c0000 - 0x00000000776c7000 	C:\Windows\system32\PSAPI.DLL
0x0000000070fb0000 - 0x0000000070fbf000 	C:\Program Files\Java\jdk1.8.0_65\jre\bin\verify.dll
0x0000000063e10000 - 0x0000000063e39000 	C:\Program Files\Java\jdk1.8.0_65\jre\bin\java.dll
0x0000000070f90000 - 0x0000000070fa6000 	C:\Program Files\Java\jdk1.8.0_65\jre\bin\zip.dll
0x000007fefe050000 - 0x000007fefeddc000 	C:\Windows\system32\SHELL32.dll
0x000007feff600000 - 0x000007feff803000 	C:\Windows\system32\ole32.dll
0x000007fefd240000 - 0x000007fefd24f000 	C:\Windows\system32\profapi.dll

VM Arguments:
jvm_args: -Djava.awt.headless=true -Xmx1024M -Dfile.encoding=windows-1251 -Duser.country=RU -Duser.language=ru -Duser.variant 
java_command: com.android.dx.command.Main --dex --force-jumbo --num-threads=4 --output C:\asp\ShoppingList\app\build\intermediates\pre-dexed\debug\com.android.support-appcompat-v7-23.4.0_1eda739ea777a2a84163d6672a8252de3e8be010.jar C:\asp\ShoppingList\app\build\intermediates\exploded-aar\com.android.support\appcompat-v7\23.4.0\jars\classes.jar
java_class_path (initial): C:\Users\avtseben\AppData\Local\Android\Sdk\build-tools\23.0.2\lib\dx.jar
Launcher Type: SUN_STANDARD

Environment Variables:
PATH=C:\Program Files\Broadcom\Broadcom 802.11;c:\Program Files (x86)\Intel\iCLS Client\;c:\Program Files\Intel\iCLS Client\;C:\ProgramData\Oracle\Java\javapath;C:\Windows\system32;C:\Windows;C:\Windows\System32\Wbem;C:\Windows\System32\WindowsPowerShell\v1.0\;C:\Program Files\Intel\Intel(R) Management Engine Components\DAL;C:\Program Files\Intel\Intel(R) Management Engine Components\IPT;C:\Program Files (x86)\Intel\Intel(R) Management Engine Components\DAL;C:\Program Files (x86)\Intel\Intel(R) Management Engine Components\IPT;c:\Program Files\WIDCOMM\Bluetooth Software\;c:\Program Files\WIDCOMM\Bluetooth Software\syswow64;C:\Program Files (x86)\Hewlett-Packard\HP ProtectTools Security Manager\Bin\;C:\Program Files (x86)\Brackets\command;C:\Program Files (x86)\Skype\Phone\;C:\Program Files\OpenVPN\bin;C:\androidSDK\platform-tools\;C:\Program Files\Broadcom\Broadcom 802.11;c:\Program Files (x86)\Intel\iCLS Client\;c:\Program Files\Intel\iCLS Client\;C:\ProgramData\Oracle\Java\javapath;C:\Windows\system32;C:\Windows;C:\Windows\System32\Wbem;C:\Windows\System32\WindowsPowerShell\v1.0\;C:\Program Files\Intel\Intel(R) Management Engine Components\DAL;C:\Program Files\Intel\Intel(R) Management Engine Components\IPT;C:\Program Files (x86)\Intel\Intel(R) Management Engine Components\DAL;C:\Program Files (x86)\Intel\Intel(R) Management Engine Components\IPT;c:\Program Files\WIDCOMM\Bluetooth Software\;c:\Program Files\WIDCOMM\Bluetooth Software\syswow64;C:\Program Files (x86)\Hewlett-Packard\HP ProtectTools Security Manager\Bin\;C:\Program Files (x86)\Brackets\command;C:\Program Files (x86)\Skype\Phone\;C:\Program Files (x86)\ufs2tools-0.8\ufs2tools\;C:\Program Files\Git\bin\;C:\androidSDK\platform-tools
USERNAME=avtseben
OS=Windows_NT
PROCESSOR_IDENTIFIER=Intel64 Family 6 Model 58 Stepping 9, GenuineIntel



---------------  S Y S T E M  ---------------

OS: Windows 7 , 64 bit Build 7601 (6.1.7601.23418)

CPU:total 4 (2 cores per cpu, 2 threads per core) family 6 model 58 stepping 9, cmov, cx8, fxsr, mmx, sse, sse2, sse3, ssse3, sse4.1, sse4.2, popcnt, avx, aes, clmul, erms, ht, tsc, tscinvbit, tscinv

Memory: 4k page, physical 4056748k(161852k free), swap 5581188k(2852k free)

vm_info: Java HotSpot(TM) 64-Bit Server VM (25.65-b01) for windows-amd64 JRE (1.8.0_65-b17), built on Oct  6 2015 16:39:20 by "java_re" with MS VC++ 10.0 (VS2010)

time: Mon Jul 18 22:29:14 2016
elapsed time: 3 seconds (0d 0h 0m 3s)

