#
# A fatal error has been detected by the Java Runtime Environment:
#
#  EXCEPTION_STACK_OVERFLOW (0xc00000fd) at pc=0x00000000704e18b7, pid=5548, tid=2480
#
# JRE version:  (8.0_65-b17) (build )
# Java VM: Java HotSpot(TM) 64-Bit Server VM (25.65-b01 mixed mode windows-amd64 compressed oops)
# Problematic frame:
# V  [jvm.dll+0x2118b7]
#
# Failed to write core dump. Minidumps are not enabled by default on client versions of Windows
#
# If you would like to submit a bug report, please visit:
#   http://bugreport.java.com/bugreport/crash.jsp
#

---------------  T H R E A D  ---------------

Current thread (0x0000000055190800):  JavaThread "Reference Handler" daemon [_thread_in_vm, id=2480, stack(0x0000000056350000,0x0000000056450000)]

siginfo: ExceptionCode=0xc00000fd, ExceptionInformation=0x0000000000000001 0x000000005644b1d0 

Registers:
RAX=0x000000005644b1d0, RBX=0x0000000000000005, RCX=0x0000000000004000, RDX=0x0000000000000006
RSP=0x000000005644f1d0, RBP=0x0000000000000000, RSI=0x000000005644f1d0, RDI=0x0000000000000005
R8 =0x0000000000000006, R9 =0x00000000550e6d30, R10=0x00000000546bac30, R11=0x000000005635a170
R12=0x00000000550e6d30, R13=0x0000000055190800, R14=0x000000005644f298, R15=0x00000000546bac30
RIP=0x00000000704e18b7, EFLAGS=0x0000000000010202

Top of Stack: (sp=0x000000005644f1d0)
0x000000005644f1d0:   0000000000000138 0000000055191668
0x000000005644f1e0:   0000000055190800 00000000550e6d30
0x000000005644f1f0:   00000000ffffffff 00000000704e27e7
0x000000005644f200:   000000005644f300 00000000546bac30
0x000000005644f210:   0000000055190800 000000007038f333
0x000000005644f220:   000000005644f260 0000000055190800
0x000000005644f230:   000000005644f2f0 0000000055190800
0x000000005644f240:   00000000546bac30 0000000055190800
0x000000005644f250:   00000000028d10c0 0000000055190800
0x000000005644f260:   00000000546bac30 0000000055190800
0x000000005644f270:   000000005461d508 0000000055190800
0x000000005644f280:   0000000000000001 00000000546bac30
0x000000005644f290:   0000000055190800 00000000021af680
0x000000005644f2a0:   0000000055190800 000000007039081d
0x000000005644f2b0:   000000005644f5b8 00000000145f69a0
0x000000005644f2c0:   0000000014607388 000000005519bcc0 

Instructions: (pc=0x00000000704e18b7)
0x00000000704e1897:   48 89 6c 24 30 33 ed 66 90 e8 ab 36 08 00 ff c3
0x00000000704e18a7:   48 63 c8 48 8b c6 48 0f af cf 48 ff c7 48 2b c1
0x00000000704e18b7:   89 28 48 63 c3 48 3b 05 cd 9d 58 00 7e db 48 8b
0x00000000704e18c7:   6c 24 30 48 8b 5c 24 38 48 8b 74 24 40 48 83 c4 


Register to memory mapping:

RAX=0x000000005644b1d0 is pointing into the stack for thread: 0x0000000055190800
RBX=0x0000000000000005 is an unknown value
RCX=0x0000000000004000 is an unknown value
RDX=0x0000000000000006 is an unknown value
RSP=0x000000005644f1d0 is pointing into the stack for thread: 0x0000000055190800
RBP=0x0000000000000000 is an unknown value
RSI=0x000000005644f1d0 is pointing into the stack for thread: 0x0000000055190800
RDI=0x0000000000000005 is an unknown value
R8 =0x0000000000000006 is an unknown value
R9 =0x00000000550e6d30 is an unknown value
R10={method} {0x00000000546bac38} 'run' '()V' in 'java/lang/ref/Reference$ReferenceHandler'
R11=0x000000005635a170 is pointing into the stack for thread: 0x0000000055190800
R12=0x00000000550e6d30 is an unknown value
R13=0x0000000055190800 is a thread
R14=0x000000005644f298 is pointing into the stack for thread: 0x0000000055190800
R15={method} {0x00000000546bac38} 'run' '()V' in 'java/lang/ref/Reference$ReferenceHandler'


Stack: [0x0000000056350000,0x0000000056450000],  sp=0x000000005644f1d0,  free space=1020k
Native frames: (J=compiled Java code, j=interpreted, Vv=VM code, C=native code)


---------------  P R O C E S S  ---------------

Java Threads: ( => current thread )
  0x0000000055192000 JavaThread "Finalizer" daemon [_thread_blocked, id=6848, stack(0x0000000056580000,0x0000000056680000)]
=>0x0000000055190800 JavaThread "Reference Handler" daemon [_thread_in_vm, id=2480, stack(0x0000000056350000,0x0000000056450000)]
  0x00000000021ae800 JavaThread "main" [_thread_in_vm, id=4948, stack(0x00000000024f0000,0x00000000025f0000)]

Other Threads:
  0x000000005518b000 VMThread [stack: 0x0000000056100000,0x0000000056200000] [id=8004]

VM state:not at safepoint (normal execution)

VM Mutex/Monitor currently owned by a thread:  ([mutex/lock_event])
[0x00000000021ac900] SymbolTable_lock - owner thread: 0x00000000021ae800

Heap:
 PSYoungGen      total 18432K, used 635K [0x00000000eab00000, 0x00000000ebf80000, 0x0000000100000000)
  eden space 15872K, 4% used [0x00000000eab00000,0x00000000eab9ec40,0x00000000eba80000)
  from space 2560K, 0% used [0x00000000ebd00000,0x00000000ebd00000,0x00000000ebf80000)
  to   space 2560K, 0% used [0x00000000eba80000,0x00000000eba80000,0x00000000ebd00000)
 ParOldGen       total 42496K, used 0K [0x00000000c0000000, 0x00000000c2980000, 0x00000000eab00000)
  object space 42496K, 0% used [0x00000000c0000000,0x00000000c0000000,0x00000000c2980000)
 Metaspace       used 977K, capacity 4480K, committed 4480K, reserved 1056768K
  class space    used 100K, capacity 384K, committed 384K, reserved 1048576K

Card table byte_map: [0x0000000011c80000,0x0000000011e90000] byte_map_base: 0x0000000011680000

Marking Bits: (ParMarkBitMap*) 0x0000000070ada5b0
 Begin Bits: [0x00000000123f0000, 0x00000000133f0000)
 End Bits:   [0x00000000133f0000, 0x00000000143f0000)

Polling page: 0x0000000000230000

CodeCache: size=245760Kb used=402Kb max_used=402Kb free=245357Kb
 bounds [0x00000000028c0000, 0x0000000002b30000, 0x00000000118c0000]
 total_blobs=100 nmethods=0 adapters=74
 compilation: enabled

Compilation events (0 events):
No events

GC Heap History (0 events):
No events

Deoptimization events (0 events):
No events

Internal exceptions (0 events):
No events

Events (10 events):
Event: 0.215 Thread 0x0000000055192000 Thread added: 0x0000000055192000
Event: 0.217 loading class sun/misc/VM
Event: 0.218 loading class sun/misc/VM done
Event: 0.218 loading class java/util/Hashtable$Entry
Event: 0.218 loading class java/util/Map$Entry
Event: 0.218 loading class java/util/Map$Entry done
Event: 0.218 loading class java/util/Hashtable$Entry done
Event: 0.218 loading class java/lang/Math
Event: 0.218 loading class java/lang/Math done
Event: 0.222 loading class java/nio/charset/Charset


Dynamic libraries:
0x000000013f200000 - 0x000000013f237000 	C:\Program Files\Java\jdk1.8.0_65\bin\java.exe
0x0000000077500000 - 0x00000000776aa000 	C:\Windows\SYSTEM32\ntdll.dll
0x00000000773e0000 - 0x00000000774ff000 	C:\Windows\system32\kernel32.dll
0x000007fefd590000 - 0x000007fefd5fa000 	C:\Windows\system32\KERNELBASE.dll
0x0000000074f50000 - 0x0000000074fd7000 	C:\Windows\System32\SYSFER.DLL
0x000007fefd600000 - 0x000007fefd6db000 	C:\Windows\system32\ADVAPI32.dll
0x000007fefda20000 - 0x000007fefdabf000 	C:\Windows\system32\msvcrt.dll
0x000007fefdbd0000 - 0x000007fefdbef000 	C:\Windows\SYSTEM32\sechost.dll
0x000007fefdbf0000 - 0x000007fefdd1d000 	C:\Windows\system32\RPCRT4.dll
0x00000000772e0000 - 0x00000000773da000 	C:\Windows\system32\USER32.dll
0x000007fefddb0000 - 0x000007fefde17000 	C:\Windows\system32\GDI32.dll
0x000007fefd7b0000 - 0x000007fefd7be000 	C:\Windows\system32\LPK.dll
0x000007fefd6e0000 - 0x000007fefd7aa000 	C:\Windows\system32\USP10.dll
0x000007fefc100000 - 0x000007fefc2f4000 	C:\Windows\WinSxS\amd64_microsoft.windows.common-controls_6595b64144ccf1df_6.0.7601.18837_none_fa3b1e3d17594757\COMCTL32.dll
0x000007fefd9a0000 - 0x000007fefda11000 	C:\Windows\system32\SHLWAPI.dll
0x000007fefdba0000 - 0x000007fefdbce000 	C:\Windows\system32\IMM32.DLL
0x000007fefdf40000 - 0x000007fefe049000 	C:\Windows\system32\MSCTF.dll
0x0000000054f20000 - 0x0000000054ff2000 	C:\Program Files\Java\jdk1.8.0_65\jre\bin\msvcr100.dll
0x00000000702d0000 - 0x0000000070b59000 	C:\Program Files\Java\jdk1.8.0_65\jre\bin\server\jvm.dll
0x000007fefa0a0000 - 0x000007fefa0a9000 	C:\Windows\system32\WSOCK32.dll
0x000007feff2e0000 - 0x000007feff32d000 	C:\Windows\system32\WS2_32.dll
0x000007fefdd80000 - 0x000007fefdd88000 	C:\Windows\system32\NSI.dll
0x000007fefbe70000 - 0x000007fefbeab000 	C:\Windows\system32\WINMM.dll
0x000007fefc590000 - 0x000007fefc59c000 	C:\Windows\system32\VERSION.dll
0x00000000776c0000 - 0x00000000776c7000 	C:\Windows\system32\PSAPI.DLL
0x0000000070fb0000 - 0x0000000070fbf000 	C:\Program Files\Java\jdk1.8.0_65\jre\bin\verify.dll
0x0000000063e10000 - 0x0000000063e39000 	C:\Program Files\Java\jdk1.8.0_65\jre\bin\java.dll
0x0000000070f90000 - 0x0000000070fa6000 	C:\Program Files\Java\jdk1.8.0_65\jre\bin\zip.dll
0x000007fefe050000 - 0x000007fefeddc000 	C:\Windows\system32\SHELL32.dll
0x000007feff600000 - 0x000007feff803000 	C:\Windows\system32\ole32.dll

VM Arguments:
jvm_args: -Djava.awt.headless=true -Xmx1024M -Dfile.encoding=windows-1251 -Duser.country=RU -Duser.language=ru -Duser.variant 
java_command: com.android.dx.command.Main --dex --force-jumbo --num-threads=4 --output C:\asp\ShoppingList\app\build\intermediates\pre-dexed\debug\support-annotations-23.4.0_ef3394aa04f2c3982c95b21d5a8a7fdb429b8db9.jar C:\Users\avtseben\AppData\Local\Android\Sdk\extras\android\m2repository\com\android\support\support-annotations\23.4.0\support-annotations-23.4.0.jar
java_class_path (initial): C:\Users\avtseben\AppData\Local\Android\Sdk\build-tools\23.0.2\lib\dx.jar
Launcher Type: SUN_STANDARD

Environment Variables:
PATH=C:\Program Files\Broadcom\Broadcom 802.11;c:\Program Files (x86)\Intel\iCLS Client\;c:\Program Files\Intel\iCLS Client\;C:\ProgramData\Oracle\Java\javapath;C:\Windows\system32;C:\Windows;C:\Windows\System32\Wbem;C:\Windows\System32\WindowsPowerShell\v1.0\;C:\Program Files\Intel\Intel(R) Management Engine Components\DAL;C:\Program Files\Intel\Intel(R) Management Engine Components\IPT;C:\Program Files (x86)\Intel\Intel(R) Management Engine Components\DAL;C:\Program Files (x86)\Intel\Intel(R) Management Engine Components\IPT;c:\Program Files\WIDCOMM\Bluetooth Software\;c:\Program Files\WIDCOMM\Bluetooth Software\syswow64;C:\Program Files (x86)\Hewlett-Packard\HP ProtectTools Security Manager\Bin\;C:\Program Files (x86)\Brackets\command;C:\Program Files (x86)\Skype\Phone\;C:\Program Files\OpenVPN\bin;C:\androidSDK\platform-tools\;C:\Program Files\Broadcom\Broadcom 802.11;c:\Program Files (x86)\Intel\iCLS Client\;c:\Program Files\Intel\iCLS Client\;C:\ProgramData\Oracle\Java\javapath;C:\Windows\system32;C:\Windows;C:\Windows\System32\Wbem;C:\Windows\System32\WindowsPowerShell\v1.0\;C:\Program Files\Intel\Intel(R) Management Engine Components\DAL;C:\Program Files\Intel\Intel(R) Management Engine Components\IPT;C:\Program Files (x86)\Intel\Intel(R) Management Engine Components\DAL;C:\Program Files (x86)\Intel\Intel(R) Management Engine Components\IPT;c:\Program Files\WIDCOMM\Bluetooth Software\;c:\Program Files\WIDCOMM\Bluetooth Software\syswow64;C:\Program Files (x86)\Hewlett-Packard\HP ProtectTools Security Manager\Bin\;C:\Program Files (x86)\Brackets\command;C:\Program Files (x86)\Skype\Phone\;C:\Program Files (x86)\ufs2tools-0.8\ufs2tools\;C:\Program Files\Git\bin\;C:\androidSDK\platform-tools
USERNAME=avtseben
OS=Windows_NT
PROCESSOR_IDENTIFIER=Intel64 Family 6 Model 58 Stepping 9, GenuineIntel



---------------  S Y S T E M  ---------------

OS: Windows 7 , 64 bit Build 7601 (6.1.7601.23418)

CPU:total 4 (2 cores per cpu, 2 threads per core) family 6 model 58 stepping 9, cmov, cx8, fxsr, mmx, sse, sse2, sse3, ssse3, sse4.1, sse4.2, popcnt, avx, aes, clmul, erms, ht, tsc, tscinvbit, tscinv

Memory: 4k page, physical 4056748k(162124k free), swap 5581188k(2864k free)

vm_info: Java HotSpot(TM) 64-Bit Server VM (25.65-b01) for windows-amd64 JRE (1.8.0_65-b17), built on Oct  6 2015 16:39:20 by "java_re" with MS VC++ 10.0 (VS2010)

time: Mon Jul 18 22:29:14 2016
elapsed time: 0 seconds (0d 0h 0m 0s)

