#
# There is insufficient memory for the Java Runtime Environment to continue.
# Native memory allocation (malloc) failed to allocate 32784 bytes for Chunk::new
# Possible reasons:
#   The system is out of physical RAM or swap space
#   In 32 bit mode, the process size limit was hit
# Possible solutions:
#   Reduce memory load on the system
#   Increase physical memory or swap space
#   Check if swap backing store is full
#   Use 64 bit Java on a 64 bit OS
#   Decrease Java heap size (-Xmx/-Xms)
#   Decrease number of Java threads
#   Decrease Java thread stack sizes (-Xss)
#   Set larger code cache with -XX:ReservedCodeCacheSize=
# This output file may be truncated or incomplete.
#
#  Out of Memory Error (allocation.cpp:390), pid=4736, tid=4544
#
# JRE version: Java(TM) SE Runtime Environment (8.0_65-b17) (build 1.8.0_65-b17)
# Java VM: Java HotSpot(TM) 64-Bit Server VM (25.65-b01 mixed mode windows-amd64 compressed oops)
# Failed to write core dump. Minidumps are not enabled by default on client versions of Windows
#

---------------  T H R E A D  ---------------

Current thread (0x0000000054a19800):  JavaThread "C2 CompilerThread0" daemon [_thread_in_native, id=4544, stack(0x0000000056a90000,0x0000000056b90000)]

Stack: [0x0000000056a90000,0x0000000056b90000]
[error occurred during error reporting (printing stack bounds), id 0xc0000005]

Native frames: (J=compiled Java code, j=interpreted, Vv=VM code, C=native code)


Current CompileTask:
C2:  10951 1735 %     4       com.android.dx.ssa.SsaConverter::placePhiFunctions @ 131 (394 bytes)


---------------  P R O C E S S  ---------------

Java Threads: ( => current thread )
  0x0000000056f58800 JavaThread "pool-1-thread-4" [_thread_blocked, id=8124, stack(0x00000000580d0000,0x00000000581d0000)]
  0x0000000056f74800 JavaThread "pool-1-thread-3" [_thread_blocked, id=4516, stack(0x0000000057ef0000,0x0000000057ff0000)]
  0x0000000056f73800 JavaThread "pool-1-thread-2" [_thread_blocked, id=4176, stack(0x0000000057c90000,0x0000000057d90000)]
  0x0000000056f72000 JavaThread "pool-2-thread-1" [_thread_blocked, id=8136, stack(0x0000000057df0000,0x0000000057ef0000)]
  0x0000000056f6e800 JavaThread "pool-1-thread-1" [_thread_blocked, id=6696, stack(0x0000000056980000,0x0000000056a80000)]
  0x0000000056c07000 JavaThread "Service Thread" daemon [_thread_blocked, id=6196, stack(0x0000000057250000,0x0000000057350000)]
  0x0000000056b97000 JavaThread "C1 CompilerThread2" daemon [_thread_blocked, id=2812, stack(0x0000000056700000,0x0000000056800000)]
  0x0000000056b96800 JavaThread "C2 CompilerThread1" daemon [_thread_in_native, id=976, stack(0x0000000057090000,0x0000000057190000)]
=>0x0000000054a19800 JavaThread "C2 CompilerThread0" daemon [_thread_in_native, id=4544, stack(0x0000000056a90000,0x0000000056b90000)]
  0x0000000054a15000 JavaThread "Attach Listener" daemon [_thread_blocked, id=5700, stack(0x0000000056830000,0x0000000056930000)]
  0x0000000054a13800 JavaThread "Signal Dispatcher" daemon [_thread_blocked, id=1292, stack(0x00000000565f0000,0x00000000566f0000)]
  0x00000000549b2000 JavaThread "Finalizer" daemon [_thread_blocked, id=7744, stack(0x00000000563e0000,0x00000000564e0000)]
  0x00000000549b0800 JavaThread "Reference Handler" daemon [_thread_blocked, id=3448, stack(0x0000000056100000,0x0000000056200000)]
  0x000000000212e800 JavaThread "main" [_thread_blocked, id=6844, stack(0x0000000002440000,0x0000000002540000)]

Other Threads:
  0x00000000549ab000 VMThread [stack: 0x0000000056220000,0x0000000056320000] [id=1332]
  0x0000000056c20000 WatcherThread [stack: 0x0000000057360000,0x0000000057460000] [id=4532]

VM state:at safepoint (normal execution)

VM Mutex/Monitor currently owned by a thread:  ([mutex/lock_event])
[0x000000000212ce00] Threads_lock - owner thread: 0x00000000549ab000
[0x000000000212d300] Heap_lock - owner thread: 0x0000000056f58800

Heap:
 PSYoungGen      total 34304K, used 34296K [0x00000000eab00000, 0x00000000eee00000, 0x0000000100000000)
  eden space 31744K, 100% used [0x00000000eab00000,0x00000000eca00000,0x00000000eca00000)
  from space 2560K, 99% used [0x00000000eca00000,0x00000000ecc7e178,0x00000000ecc80000)
  to   space 2560K, 99% used [0x00000000eeb80000,0x00000000eedfdce0,0x00000000eee00000)
 ParOldGen       total 42496K, used 8208K [0x00000000c0000000, 0x00000000c2980000, 0x00000000eab00000)
  object space 42496K, 19% used [0x00000000c0000000,0x00000000c08043b0,0x00000000c2980000)
 Metaspace       used 6249K, capacity 7088K, committed 7296K, reserved 1056768K
  class space    used 603K, capacity 616K, committed 640K, reserved 1048576K

Card table byte_map: [0x0000000011bd0000,0x0000000011de0000] byte_map_base: 0x00000000115d0000

Marking Bits: (ParMarkBitMap*) 0x0000000070ada5b0
 Begin Bits: [0x0000000012620000, 0x0000000013620000)
 End Bits:   [0x0000000013620000, 0x0000000014620000)

Polling page: 0x0000000000540000

CodeCache: size=245760Kb used=8066Kb max_used=8066Kb free=237693Kb
 bounds [0x0000000002810000, 0x0000000003000000, 0x0000000011810000]
 total_blobs=2005 nmethods=1736 adapters=182
 compilation: enabled

Compilation events (10 events):
Event: 10.668 Thread 0x0000000056b97000 nmethod 1730 0x0000000002fb1f50 code [0x0000000002fb20a0, 0x0000000002fb2230]
Event: 10.669 Thread 0x0000000056b96800 nmethod 1728 0x0000000002fb1710 code [0x0000000002fb1860, 0x0000000002fb1ad8]
Event: 10.672 Thread 0x0000000054a19800 nmethod 1729 0x0000000002fcd0d0 code [0x0000000002fcd220, 0x0000000002fcd638]
Event: 10.674 Thread 0x0000000056b96800 1731       4       com.android.dx.cf.iface.StdMethodList::get (9 bytes)
Event: 10.674 Thread 0x0000000054a19800 1732       4       com.android.dx.rop.code.AccessFlags::isPrivate (12 bytes)
Event: 10.674 Thread 0x0000000054a19800 nmethod 1732 0x0000000002f46510 code [0x0000000002f46640, 0x0000000002f46698]
Event: 10.675 Thread 0x0000000056b96800 nmethod 1731 0x0000000002fb1390 code [0x0000000002fb14e0, 0x0000000002fb1598]
Event: 10.678 Thread 0x0000000054a19800 1733       4       com.android.dx.cf.code.Merger::mergeType (142 bytes)
Event: 10.684 Thread 0x0000000054a19800 nmethod 1733 0x0000000002fcc5d0 code [0x0000000002fcc780, 0x0000000002fccbc0]
Event: 10.684 Thread 0x0000000054a19800 1735 %     4       com.android.dx.ssa.SsaConverter::placePhiFunctions @ 131 (394 bytes)

GC Heap History (6 events):
Event: 1.406 GC heap before
{Heap before GC invocations=1 (full 0):
 PSYoungGen      total 18432K, used 15872K [0x00000000eab00000, 0x00000000ebf80000, 0x0000000100000000)
  eden space 15872K, 100% used [0x00000000eab00000,0x00000000eba80000,0x00000000eba80000)
  from space 2560K, 0% used [0x00000000ebd00000,0x00000000ebd00000,0x00000000ebf80000)
  to   space 2560K, 0% used [0x00000000eba80000,0x00000000eba80000,0x00000000ebd00000)
 ParOldGen       total 42496K, used 0K [0x00000000c0000000, 0x00000000c2980000, 0x00000000eab00000)
  object space 42496K, 0% used [0x00000000c0000000,0x00000000c0000000,0x00000000c2980000)
 Metaspace       used 5505K, capacity 6448K, committed 6528K, reserved 1056768K
  class space    used 597K, capacity 616K, committed 640K, reserved 1048576K
Event: 1.801 GC heap after
Heap after GC invocations=1 (full 0):
 PSYoungGen      total 18432K, used 2555K [0x00000000eab00000, 0x00000000ecf00000, 0x0000000100000000)
  eden space 15872K, 0% used [0x00000000eab00000,0x00000000eab00000,0x00000000eba80000)
  from space 2560K, 99% used [0x00000000eba80000,0x00000000ebcfedf8,0x00000000ebd00000)
  to   space 2560K, 0% used [0x00000000ecc80000,0x00000000ecc80000,0x00000000ecf00000)
 ParOldGen       total 42496K, used 796K [0x00000000c0000000, 0x00000000c2980000, 0x00000000eab00000)
  object space 42496K, 1% used [0x00000000c0000000,0x00000000c00c73d8,0x00000000c2980000)
 Metaspace       used 5505K, capacity 6448K, committed 6528K, reserved 1056768K
  class space    used 597K, capacity 616K, committed 640K, reserved 1048576K
}
Event: 3.243 GC heap before
{Heap before GC invocations=2 (full 0):
 PSYoungGen      total 18432K, used 18427K [0x00000000eab00000, 0x00000000ecf00000, 0x0000000100000000)
  eden space 15872K, 100% used [0x00000000eab00000,0x00000000eba80000,0x00000000eba80000)
  from space 2560K, 99% used [0x00000000eba80000,0x00000000ebcfedf8,0x00000000ebd00000)
  to   space 2560K, 0% used [0x00000000ecc80000,0x00000000ecc80000,0x00000000ecf00000)
 ParOldGen       total 42496K, used 796K [0x00000000c0000000, 0x00000000c2980000, 0x00000000eab00000)
  object space 42496K, 1% used [0x00000000c0000000,0x00000000c00c73d8,0x00000000c2980000)
 Metaspace       used 6020K, capacity 6896K, committed 7040K, reserved 1056768K
  class space    used 602K, capacity 616K, committed 640K, reserved 1048576K
Event: 3.367 GC heap after
Heap after GC invocations=2 (full 0):
 PSYoungGen      total 34304K, used 2540K [0x00000000eab00000, 0x00000000ecf00000, 0x0000000100000000)
  eden space 31744K, 0% used [0x00000000eab00000,0x00000000eab00000,0x00000000eca00000)
  from space 2560K, 99% used [0x00000000ecc80000,0x00000000ecefb108,0x00000000ecf00000)
  to   space 2560K, 0% used [0x00000000eca00000,0x00000000eca00000,0x00000000ecc80000)
 ParOldGen       total 42496K, used 2297K [0x00000000c0000000, 0x00000000c2980000, 0x00000000eab00000)
  object space 42496K, 5% used [0x00000000c0000000,0x00000000c023e408,0x00000000c2980000)
 Metaspace       used 6020K, capacity 6896K, committed 7040K, reserved 1056768K
  class space    used 602K, capacity 616K, committed 640K, reserved 1048576K
}
Event: 7.351 GC heap before
{Heap before GC invocations=3 (full 0):
 PSYoungGen      total 34304K, used 34284K [0x00000000eab00000, 0x00000000ecf00000, 0x0000000100000000)
  eden space 31744K, 100% used [0x00000000eab00000,0x00000000eca00000,0x00000000eca00000)
  from space 2560K, 99% used [0x00000000ecc80000,0x00000000ecefb108,0x00000000ecf00000)
  to   space 2560K, 0% used [0x00000000eca00000,0x00000000eca00000,0x00000000ecc80000)
 ParOldGen       total 42496K, used 2297K [0x00000000c0000000, 0x00000000c2980000, 0x00000000eab00000)
  object space 42496K, 5% used [0x00000000c0000000,0x00000000c023e408,0x00000000c2980000)
 Metaspace       used 6216K, capacity 7088K, committed 7296K, reserved 1056768K
  class space    used 603K, capacity 616K, committed 640K, reserved 1048576K
Event: 7.548 GC heap after
Heap after GC invocations=3 (full 0):
 PSYoungGen      total 34304K, used 2552K [0x00000000eab00000, 0x00000000eee00000, 0x0000000100000000)
  eden space 31744K, 0% used [0x00000000eab00000,0x00000000eab00000,0x00000000eca00000)
  from space 2560K, 99% used [0x00000000eca00000,0x00000000ecc7e178,0x00000000ecc80000)
  to   space 2560K, 0% used [0x00000000eeb80000,0x00000000eeb80000,0x00000000eee00000)
 ParOldGen       total 42496K, used 7144K [0x00000000c0000000, 0x00000000c2980000, 0x00000000eab00000)
  object space 42496K, 16% used [0x00000000c0000000,0x00000000c06fa3b0,0x00000000c2980000)
 Metaspace       used 6216K, capacity 7088K, committed 7296K, reserved 1056768K
  class space    used 603K, capacity 616K, committed 640K, reserved 1048576K
}

Deoptimization events (10 events):
Event: 8.786 Thread 0x0000000056f74800 Uncommon trap: reason=unstable_if action=reinterpret pc=0x0000000002ee6d78 method=com.android.dx.rop.code.LocalVariableInfo.mergeStarts(ILcom/android/dx/rop/code/RegisterSpecSet;)Z @ 31
Event: 8.788 Thread 0x0000000056f74800 Uncommon trap: reason=bimorphic action=maybe_recompile pc=0x0000000002f2e78c method=com.android.dx.ssa.SCCP.setLatticeValueTo(IILcom/android/dx/rop/cst/Constant;)Z @ 43
Event: 8.788 Thread 0x0000000056f74800 Uncommon trap: reason=bimorphic action=maybe_recompile pc=0x0000000002f2e5c8 method=com.android.dx.ssa.SCCP.simulatePhi(Lcom/android/dx/ssa/PhiInsn;)V @ 124
Event: 8.788 Thread 0x0000000056f74800 Uncommon trap: reason=bimorphic action=maybe_recompile pc=0x0000000002f2e78c method=com.android.dx.ssa.SCCP.setLatticeValueTo(IILcom/android/dx/rop/cst/Constant;)Z @ 43
Event: 8.789 Thread 0x0000000056f74800 Uncommon trap: reason=bimorphic action=maybe_recompile pc=0x0000000002f2e78c method=com.android.dx.ssa.SCCP.setLatticeValueTo(IILcom/android/dx/rop/cst/Constant;)Z @ 43
Event: 8.790 Thread 0x0000000056f74800 Uncommon trap: reason=bimorphic action=maybe_recompile pc=0x0000000002f2e78c method=com.android.dx.ssa.SCCP.setLatticeValueTo(IILcom/android/dx/rop/cst/Constant;)Z @ 43
Event: 9.404 Thread 0x0000000056f6e800 Uncommon trap: reason=unstable_if action=reinterpret pc=0x0000000002f50120 method=com.android.dx.cf.code.RopperMachine.run(Lcom/android/dx/cf/code/Frame;II)V @ 1500
Event: 9.404 Thread 0x0000000056f6e800 Uncommon trap: reason=class_check action=maybe_recompile pc=0x0000000002f73048 method=com.android.dx.cf.code.Ropper.processBlock(Lcom/android/dx/cf/code/ByteBlock;Lcom/android/dx/cf/code/Frame;[I)V @ 777
Event: 9.426 Thread 0x0000000056f6e800 Uncommon trap: reason=class_check action=maybe_recompile pc=0x0000000002f73048 method=com.android.dx.cf.code.Ropper.processBlock(Lcom/android/dx/cf/code/ByteBlock;Lcom/android/dx/cf/code/Frame;[I)V @ 777
Event: 10.680 Thread 0x0000000056f74800 Uncommon trap: reason=unstable_if action=reinterpret pc=0x0000000002c77134 method=com.android.dx.ssa.SCCP.simulateStmt(Lcom/android/dx/ssa/SsaInsn;)V @ 53

Internal exceptions (4 events):
Event: 0.629 Thread 0x000000000212e800 Exception <a 'java/lang/NoSuchMethodError': Method sun.misc.Unsafe.defineClass(Ljava/lang/String;[BII)Ljava/lang/Class; name or signature does not match> (0x00000000eab13080) thrown at [C:\workspace\8-2-build-windows-amd64-cygwin\jdk8u65\4987\hotspot\src\s¶ò÷1N$ä?
Event: 0.629 Thread 0x000000000212e800 Exception <a 'java/lang/NoSuchMethodError': Method sun.misc.Unsafe.prefetchRead(Ljava/lang/Object;J)V name or signature does not match> (0x00000000eab13368) thrown at [C:\workspace\8-2-build-windows-amd64-cygwin\jdk8u65\4987\hotspot\src\share\vm\prims\jni.£ªÂ\L¬@
Event: 2.834 Thread 0x0000000056f6e800 Implicit null exception at 0x0000000002a8e6ee to 0x0000000002a90719
Event: 2.842 Thread 0x0000000056f74800 Implicit null exception at 0x0000000002a99d17 to 0x0000000002a9b7c1

Events (10 events):
Event: 9.404 Thread 0x0000000056f6e800 DEOPT UNPACKING pc=0x000000000285582a sp=0x0000000056a7e3b8 mode 2
Event: 9.404 Thread 0x0000000056f6e800 Uncommon trap: trap_request=0xffffffde fr.pc=0x0000000002f73048
Event: 9.404 Thread 0x0000000056f6e800 DEOPT PACKING pc=0x0000000002f73048 sp=0x0000000056a7e9c0
Event: 9.404 Thread 0x0000000056f6e800 DEOPT UNPACKING pc=0x000000000285582a sp=0x0000000056a7e988 mode 2
Event: 9.426 Thread 0x0000000056f6e800 Uncommon trap: trap_request=0xffffffde fr.pc=0x0000000002f73048
Event: 9.426 Thread 0x0000000056f6e800 DEOPT PACKING pc=0x0000000002f73048 sp=0x0000000056a7e9c0
Event: 9.426 Thread 0x0000000056f6e800 DEOPT UNPACKING pc=0x000000000285582a sp=0x0000000056a7e988 mode 2
Event: 10.680 Thread 0x0000000056f74800 Uncommon trap: trap_request=0xffffff65 fr.pc=0x0000000002c77134
Event: 10.680 Thread 0x0000000056f74800 DEOPT PACKING pc=0x0000000002c77134 sp=0x0000000057fee7e0
Event: 10.680 Thread 0x0000000056f74800 DEOPT UNPACKING pc=0x000000000285582a sp=0x0000000057fee7d8 mode 2


Dynamic libraries:
0x000000013f200000 - 0x000000013f237000 	C:\Program Files\Java\jdk1.8.0_65\bin\java.exe
0x0000000077500000 - 0x00000000776aa000 	C:\Windows\SYSTEM32\ntdll.dll
0x00000000773e0000 - 0x00000000774ff000 	C:\Windows\system32\kernel32.dll
0x000007fefd590000 - 0x000007fefd5fa000 	C:\Windows\system32\KERNELBASE.dll
0x0000000074f50000 - 0x0000000074fd7000 	C:\Windows\System32\SYSFER.DLL
0x000007fefd600000 - 0x000007fefd6db000 	C:\Windows\system32\ADVAPI32.dll
0x000007fefda20000 - 0x000007fefdabf000 	C:\Windows\system32\msvcrt.dll
0x000007fefdbd0000 - 0x000007fefdbef000 	C:\Windows\SYSTEM32\sechost.dll
0x000007fefdbf0000 - 0x000007fefdd1d000 	C:\Windows\system32\RPCRT4.dll
0x00000000772e0000 - 0x00000000773da000 	C:\Windows\system32\USER32.dll
0x000007fefddb0000 - 0x000007fefde17000 	C:\Windows\system32\GDI32.dll
0x000007fefd7b0000 - 0x000007fefd7be000 	C:\Windows\system32\LPK.dll
0x000007fefd6e0000 - 0x000007fefd7aa000 	C:\Windows\system32\USP10.dll
0x000007fefc100000 - 0x000007fefc2f4000 	C:\Windows\WinSxS\amd64_microsoft.windows.common-controls_6595b64144ccf1df_6.0.7601.18837_none_fa3b1e3d17594757\COMCTL32.dll
0x000007fefd9a0000 - 0x000007fefda11000 	C:\Windows\system32\SHLWAPI.dll
0x000007fefdba0000 - 0x000007fefdbce000 	C:\Windows\system32\IMM32.DLL
0x000007fefdf40000 - 0x000007fefe049000 	C:\Windows\system32\MSCTF.dll
0x0000000054f20000 - 0x0000000054ff2000 	C:\Program Files\Java\jdk1.8.0_65\jre\bin\msvcr100.dll
0x00000000702d0000 - 0x0000000070b59000 	C:\Program Files\Java\jdk1.8.0_65\jre\bin\server\jvm.dll
0x000007fefa0a0000 - 0x000007fefa0a9000 	C:\Windows\system32\WSOCK32.dll
0x000007feff2e0000 - 0x000007feff32d000 	C:\Windows\system32\WS2_32.dll
0x000007fefdd80000 - 0x000007fefdd88000 	C:\Windows\system32\NSI.dll
0x000007fefbe70000 - 0x000007fefbeab000 	C:\Windows\system32\WINMM.dll
0x000007fefc590000 - 0x000007fefc59c000 	C:\Windows\system32\VERSION.dll
0x00000000776c0000 - 0x00000000776c7000 	C:\Windows\system32\PSAPI.DLL
0x0000000070fb0000 - 0x0000000070fbf000 	C:\Program Files\Java\jdk1.8.0_65\jre\bin\verify.dll
0x0000000063e10000 - 0x0000000063e39000 	C:\Program Files\Java\jdk1.8.0_65\jre\bin\java.dll
0x0000000070f90000 - 0x0000000070fa6000 	C:\Program Files\Java\jdk1.8.0_65\jre\bin\zip.dll
0x000007fefe050000 - 0x000007fefeddc000 	C:\Windows\system32\SHELL32.dll
0x000007feff600000 - 0x000007feff803000 	C:\Windows\system32\ole32.dll
0x000007fefd240000 - 0x000007fefd24f000 	C:\Windows\system32\profapi.dll

VM Arguments:
jvm_args: -Djava.awt.headless=true -Xmx1024M -Dfile.encoding=windows-1251 -Duser.country=RU -Duser.language=ru -Duser.variant 
java_command: com.android.dx.command.Main --dex --force-jumbo --num-threads=4 --output C:\asp\ShoppingList\app\build\intermediates\pre-dexed\debug\com.android.support-appcompat-v7-23.4.0_1eda739ea777a2a84163d6672a8252de3e8be010.jar C:\asp\ShoppingList\app\build\intermediates\exploded-aar\com.android.support\appcompat-v7\23.4.0\jars\classes.jar
java_class_path (initial): C:\Users\avtseben\AppData\Local\Android\Sdk\build-tools\23.0.2\lib\dx.jar
Launcher Type: SUN_STANDARD

Environment Variables:
PATH=C:\Program Files\Broadcom\Broadcom 802.11;c:\Program Files (x86)\Intel\iCLS Client\;c:\Program Files\Intel\iCLS Client\;C:\ProgramData\Oracle\Java\javapath;C:\Windows\system32;C:\Windows;C:\Windows\System32\Wbem;C:\Windows\System32\WindowsPowerShell\v1.0\;C:\Program Files\Intel\Intel(R) Management Engine Components\DAL;C:\Program Files\Intel\Intel(R) Management Engine Components\IPT;C:\Program Files (x86)\Intel\Intel(R) Management Engine Components\DAL;C:\Program Files (x86)\Intel\Intel(R) Management Engine Components\IPT;c:\Program Files\WIDCOMM\Bluetooth Software\;c:\Program Files\WIDCOMM\Bluetooth Software\syswow64;C:\Program Files (x86)\Hewlett-Packard\HP ProtectTools Security Manager\Bin\;C:\Program Files (x86)\Brackets\command;C:\Program Files (x86)\Skype\Phone\;C:\Program Files\OpenVPN\bin;C:\androidSDK\platform-tools\;C:\Program Files\Broadcom\Broadcom 802.11;c:\Program Files (x86)\Intel\iCLS Client\;c:\Program Files\Intel\iCLS Client\;C:\ProgramData\Oracle\Java\javapath;C:\Windows\system32;C:\Windows;C:\Windows\System32\Wbem;C:\Windows\System32\WindowsPowerShell\v1.0\;C:\Program Files\Intel\Intel(R) Management Engine Components\DAL;C:\Program Files\Intel\Intel(R) Management Engine Components\IPT;C:\Program Files (x86)\Intel\Intel(R) Management Engine Components\DAL;C:\Program Files (x86)\Intel\Intel(R) Management Engine Components\IPT;c:\Program Files\WIDCOMM\Bluetooth Software\;c:\Program Files\WIDCOMM\Bluetooth Software\syswow64;C:\Program Files (x86)\Hewlett-Packard\HP ProtectTools Security Manager\Bin\;C:\Program Files (x86)\Brackets\command;C:\Program Files (x86)\Skype\Phone\;C:\Program Files (x86)\ufs2tools-0.8\ufs2tools\;C:\Program Files\Git\bin\;C:\androidSDK\platform-tools
USERNAME=avtseben
OS=Windows_NT
PROCESSOR_IDENTIFIER=Intel64 Family 6 Model 58 Stepping 9, GenuineIntel



---------------  S Y S T E M  ---------------

OS: Windows 7 , 64 bit Build 7601 (6.1.7601.23418)

CPU:total 4 (2 cores per cpu, 2 threads per core) family 6 model 58 stepping 9, cmov, cx8, fxsr, mmx, sse, sse2, sse3, ssse3, sse4.1, sse4.2, popcnt, avx, aes, clmul, erms, ht, tsc, tscinvbit, tscinv

Memory: 4k page, physical 4056748k(52180k free), swap 5581188k(70996k free)

vm_info: Java HotSpot(TM) 64-Bit Server VM (25.65-b01) for windows-amd64 JRE (1.8.0_65-b17), built on Oct  6 2015 16:39:20 by "java_re" with MS VC++ 10.0 (VS2010)

time: Mon Jul 18 22:26:26 2016
elapsed time: 10 seconds (0d 0h 0m 10s)

