#
# There is insufficient memory for the Java Runtime Environment to continue.
# Native memory allocation (malloc) failed to allocate 1622256 bytes for Chunk::new
# Possible reasons:
#   The system is out of physical RAM or swap space
#   In 32 bit mode, the process size limit was hit
# Possible solutions:
#   Reduce memory load on the system
#   Increase physical memory or swap space
#   Check if swap backing store is full
#   Use 64 bit Java on a 64 bit OS
#   Decrease Java heap size (-Xmx/-Xms)
#   Decrease number of Java threads
#   Decrease Java thread stack sizes (-Xss)
#   Set larger code cache with -XX:ReservedCodeCacheSize=
# This output file may be truncated or incomplete.
#
#  Out of Memory Error (allocation.cpp:390), pid=7824, tid=7328
#
# JRE version: Java(TM) SE Runtime Environment (8.0_65-b17) (build 1.8.0_65-b17)
# Java VM: Java HotSpot(TM) 64-Bit Server VM (25.65-b01 mixed mode windows-amd64 compressed oops)
# Failed to write core dump. Minidumps are not enabled by default on client versions of Windows
#

---------------  T H R E A D  ---------------

Current thread (0x00000000564b5000):  JavaThread "C2 CompilerThread1" daemon [_thread_in_native, id=7328, stack(0x0000000056e80000,0x0000000056f80000)]

Stack: [0x0000000056e80000,0x0000000056f80000]
[error occurred during error reporting (printing stack bounds), id 0xc0000005]

Native frames: (J=compiled Java code, j=interpreted, Vv=VM code, C=native code)


Current CompileTask:
C2:   4517 1274   !   4       com.android.dx.cf.code.RopperMachine::run (1550 bytes)


---------------  P R O C E S S  ---------------

Java Threads: ( => current thread )
  0x0000000056701800 JavaThread "pool-1-thread-4" [_thread_blocked, id=620, stack(0x0000000057430000,0x0000000057530000)]
  0x0000000056624000 JavaThread "pool-1-thread-3" [_thread_blocked, id=6836, stack(0x0000000057550000,0x0000000057650000)]
  0x0000000056623000 JavaThread "pool-1-thread-2" [_thread_blocked, id=5548, stack(0x00000000562b0000,0x00000000563b0000)]
  0x000000005661c000 JavaThread "pool-2-thread-1" [_thread_blocked, id=4808, stack(0x0000000056f90000,0x0000000057090000)]
  0x000000005661b800 JavaThread "pool-1-thread-1" [_thread_blocked, id=2516, stack(0x0000000057300000,0x0000000057400000)]
  0x00000000564c0000 JavaThread "Service Thread" daemon [_thread_blocked, id=3192, stack(0x00000000570a0000,0x00000000571a0000)]
  0x00000000564b5800 JavaThread "C1 CompilerThread2" daemon [_thread_blocked, id=1356, stack(0x00000000560a0000,0x00000000561a0000)]
=>0x00000000564b5000 JavaThread "C2 CompilerThread1" daemon [_thread_in_native, id=7328, stack(0x0000000056e80000,0x0000000056f80000)]
  0x00000000564b3800 JavaThread "C2 CompilerThread0" daemon [_thread_in_native, id=5928, stack(0x0000000056d60000,0x0000000056e60000)]
  0x0000000054d95800 JavaThread "Attach Listener" daemon [_thread_blocked, id=6788, stack(0x0000000056b60000,0x0000000056c60000)]
  0x0000000054d94000 JavaThread "Signal Dispatcher" daemon [_thread_blocked, id=6176, stack(0x0000000056900000,0x0000000056a00000)]
  0x0000000054d35000 JavaThread "Finalizer" daemon [_thread_blocked, id=4548, stack(0x00000000563b0000,0x00000000564b0000)]
  0x0000000054d34000 JavaThread "Reference Handler" daemon [_thread_blocked, id=6948, stack(0x00000000561b0000,0x00000000562b0000)]
  0x000000000061e800 JavaThread "main" [_thread_in_native, id=2460, stack(0x0000000002360000,0x0000000002460000)]

Other Threads:
  0x0000000054d2e800 VMThread [stack: 0x0000000055f50000,0x0000000056050000] [id=4164]
  0x0000000056532000 WatcherThread [stack: 0x00000000571c0000,0x00000000572c0000] [id=6456]

VM state:not at safepoint (normal execution)

VM Mutex/Monitor currently owned by a thread: None

Heap:
 PSYoungGen      total 34304K, used 10096K [0x00000000eab00000, 0x00000000ecf00000, 0x0000000100000000)
  eden space 31744K, 23% used [0x00000000eab00000,0x00000000eb2620b0,0x00000000eca00000)
  from space 2560K, 99% used [0x00000000ecc80000,0x00000000ecefa180,0x00000000ecf00000)
  to   space 2560K, 0% used [0x00000000eca00000,0x00000000eca00000,0x00000000ecc80000)
 ParOldGen       total 42496K, used 4056K [0x00000000c0000000, 0x00000000c2980000, 0x00000000eab00000)
  object space 42496K, 9% used [0x00000000c0000000,0x00000000c03f6010,0x00000000c2980000)
 Metaspace       used 5725K, capacity 6832K, committed 7040K, reserved 1056768K
  class space    used 578K, capacity 616K, committed 640K, reserved 1048576K

Card table byte_map: [0x0000000011af0000,0x0000000011d00000] byte_map_base: 0x00000000114f0000

Marking Bits: (ParMarkBitMap*) 0x0000000070ada5b0
 Begin Bits: [0x00000000121a0000, 0x00000000131a0000)
 End Bits:   [0x00000000131a0000, 0x00000000141a0000)

Polling page: 0x0000000000130000

CodeCache: size=245760Kb used=5183Kb max_used=5183Kb free=240576Kb
 bounds [0x0000000002730000, 0x0000000002c50000, 0x0000000011730000]
 total_blobs=1538 nmethods=1276 adapters=175
 compilation: enabled

Compilation events (10 events):
Event: 4.428 Thread 0x00000000564b5800 1247       3       java.io.FilterInputStream::<init> (10 bytes)
Event: 4.429 Thread 0x00000000564b5800 nmethod 1247 0x0000000002c414d0 code [0x0000000002c41640, 0x0000000002c41890]
Event: 4.429 Thread 0x00000000564b5800 1252       1       com.android.dx.cf.attrib.AttSourceFile::getSourceFile (5 bytes)
Event: 4.429 Thread 0x00000000564b5800 nmethod 1252 0x0000000002bf9f50 code [0x0000000002bfa0a0, 0x0000000002bfa1b0]
Event: 4.429 Thread 0x00000000564b5800 1253       1       com.android.dx.dex.file.DexFile::getMethodIds (5 bytes)
Event: 4.429 Thread 0x00000000564b5800 nmethod 1253 0x0000000002bf6810 code [0x0000000002bf6960, 0x0000000002bf6a70]
Event: 4.429 Thread 0x00000000564b5800 1275       1       java.util.HashMap::size (5 bytes)
Event: 4.429 Thread 0x00000000564b5800 nmethod 1275 0x0000000002c41990 code [0x0000000002c41ae0, 0x0000000002c41bf0]
Event: 4.429 Thread 0x00000000564b5800 1297       1       com.android.dx.dex.file.StringIdItem::getValue (5 bytes)
Event: 4.429 Thread 0x00000000564b5800 nmethod 1297 0x0000000002c41c50 code [0x0000000002c41da0, 0x0000000002c41eb0]

GC Heap History (4 events):
Event: 1.938 GC heap before
{Heap before GC invocations=1 (full 0):
 PSYoungGen      total 18432K, used 15872K [0x00000000eab00000, 0x00000000ebf80000, 0x0000000100000000)
  eden space 15872K, 100% used [0x00000000eab00000,0x00000000eba80000,0x00000000eba80000)
  from space 2560K, 0% used [0x00000000ebd00000,0x00000000ebd00000,0x00000000ebf80000)
  to   space 2560K, 0% used [0x00000000eba80000,0x00000000eba80000,0x00000000ebd00000)
 ParOldGen       total 42496K, used 0K [0x00000000c0000000, 0x00000000c2980000, 0x00000000eab00000)
  object space 42496K, 0% used [0x00000000c0000000,0x00000000c0000000,0x00000000c2980000)
 Metaspace       used 5497K, capacity 6704K, committed 6784K, reserved 1056768K
  class space    used 573K, capacity 616K, committed 640K, reserved 1048576K
Event: 2.476 GC heap after
Heap after GC invocations=1 (full 0):
 PSYoungGen      total 18432K, used 2540K [0x00000000eab00000, 0x00000000ecf00000, 0x0000000100000000)
  eden space 15872K, 0% used [0x00000000eab00000,0x00000000eab00000,0x00000000eba80000)
  from space 2560K, 99% used [0x00000000eba80000,0x00000000ebcfb0c8,0x00000000ebd00000)
  to   space 2560K, 0% used [0x00000000ecc80000,0x00000000ecc80000,0x00000000ecf00000)
 ParOldGen       total 42496K, used 1755K [0x00000000c0000000, 0x00000000c2980000, 0x00000000eab00000)
  object space 42496K, 4% used [0x00000000c0000000,0x00000000c01b6cb8,0x00000000c2980000)
 Metaspace       used 5497K, capacity 6704K, committed 6784K, reserved 1056768K
  class space    used 573K, capacity 616K, committed 640K, reserved 1048576K
}
Event: 4.127 GC heap before
{Heap before GC invocations=2 (full 0):
 PSYoungGen      total 18432K, used 18412K [0x00000000eab00000, 0x00000000ecf00000, 0x0000000100000000)
  eden space 15872K, 100% used [0x00000000eab00000,0x00000000eba80000,0x00000000eba80000)
  from space 2560K, 99% used [0x00000000eba80000,0x00000000ebcfb0c8,0x00000000ebd00000)
  to   space 2560K, 0% used [0x00000000ecc80000,0x00000000ecc80000,0x00000000ecf00000)
 ParOldGen       total 42496K, used 1755K [0x00000000c0000000, 0x00000000c2980000, 0x00000000eab00000)
  object space 42496K, 4% used [0x00000000c0000000,0x00000000c01b6cb8,0x00000000c2980000)
 Metaspace       used 5667K, capacity 6832K, committed 7040K, reserved 1056768K
  class space    used 574K, capacity 616K, committed 640K, reserved 1048576K
Event: 4.162 GC heap after
Heap after GC invocations=2 (full 0):
 PSYoungGen      total 34304K, used 2536K [0x00000000eab00000, 0x00000000ecf00000, 0x0000000100000000)
  eden space 31744K, 0% used [0x00000000eab00000,0x00000000eab00000,0x00000000eca00000)
  from space 2560K, 99% used [0x00000000ecc80000,0x00000000ecefa180,0x00000000ecf00000)
  to   space 2560K, 0% used [0x00000000eca00000,0x00000000eca00000,0x00000000ecc80000)
 ParOldGen       total 42496K, used 4056K [0x00000000c0000000, 0x00000000c2980000, 0x00000000eab00000)
  object space 42496K, 9% used [0x00000000c0000000,0x00000000c03f6010,0x00000000c2980000)
 Metaspace       used 5667K, capacity 6832K, committed 7040K, reserved 1056768K
  class space    used 574K, capacity 616K, committed 640K, reserved 1048576K
}

Deoptimization events (10 events):
Event: 4.397 Thread 0x000000005661b800 Uncommon trap: reason=unstable_if action=reinterpret pc=0x0000000002b55764 method=com.android.dx.ssa.SCCP.simulateStmt(Lcom/android/dx/ssa/SsaInsn;)V @ 469
Event: 4.399 Thread 0x000000005661b800 Uncommon trap: reason=unstable_if action=reinterpret pc=0x0000000002abb544 method=com.android.dx.rop.code.RegisterSpec.equals(ILcom/android/dx/rop/type/TypeBearer;Lcom/android/dx/rop/code/LocalItem;)Z @ 16
Event: 4.413 Thread 0x000000005661b800 Uncommon trap: reason=class_check action=maybe_recompile pc=0x000000000299efa0 method=com.android.dx.ssa.NormalSsaInsn.accept(Lcom/android/dx/ssa/SsaInsn$Visitor;)V @ 9
Event: 4.413 Thread 0x000000005661b800 Uncommon trap: reason=class_check action=maybe_recompile pc=0x000000000299efa0 method=com.android.dx.ssa.NormalSsaInsn.accept(Lcom/android/dx/ssa/SsaInsn$Visitor;)V @ 9
Event: 4.413 Thread 0x000000005661b800 Uncommon trap: reason=class_check action=maybe_recompile pc=0x000000000299efa0 method=com.android.dx.ssa.NormalSsaInsn.accept(Lcom/android/dx/ssa/SsaInsn$Visitor;)V @ 9
Event: 4.413 Thread 0x000000005661b800 Uncommon trap: reason=class_check action=maybe_recompile pc=0x000000000299efa0 method=com.android.dx.ssa.NormalSsaInsn.accept(Lcom/android/dx/ssa/SsaInsn$Visitor;)V @ 9
Event: 4.413 Thread 0x000000005661b800 Uncommon trap: reason=class_check action=maybe_recompile pc=0x00000000029d8360 method=com.android.dx.rop.type.Type.equals(Ljava/lang/Object;)Z @ 8
Event: 4.413 Thread 0x000000005661b800 Uncommon trap: reason=class_check action=maybe_recompile pc=0x00000000029d8360 method=com.android.dx.rop.type.Type.equals(Ljava/lang/Object;)Z @ 8
Event: 4.413 Thread 0x000000005661b800 Uncommon trap: reason=class_check action=maybe_recompile pc=0x00000000029d8360 method=com.android.dx.rop.type.Type.equals(Ljava/lang/Object;)Z @ 8
Event: 4.413 Thread 0x000000005661b800 Uncommon trap: reason=class_check action=maybe_recompile pc=0x00000000029d8360 method=com.android.dx.rop.type.Type.equals(Ljava/lang/Object;)Z @ 8

Internal exceptions (2 events):
Event: 0.202 Thread 0x000000000061e800 Exception <a 'java/lang/NoSuchMethodError': Method sun.misc.Unsafe.defineClass(Ljava/lang/String;[BII)Ljava/lang/Class; name or signature does not match> (0x00000000eab13080) thrown at [C:\workspace\8-2-build-windows-amd64-cygwin\jdk8u65\4987\hotspot\src\sëÏ©ÙÚÉ?
Event: 0.202 Thread 0x000000000061e800 Exception <a 'java/lang/NoSuchMethodError': Method sun.misc.Unsafe.prefetchRead(Ljava/lang/Object;J)V name or signature does not match> (0x00000000eab13368) thrown at [C:\workspace\8-2-build-windows-amd64-cygwin\jdk8u65\4987\hotspot\src\share\vm\prims\jni.

Events (10 events):
Event: 4.413 Thread 0x000000005661b800 DEOPT UNPACKING pc=0x000000000277582a sp=0x00000000573fe788 mode 2
Event: 4.413 Thread 0x000000005661b800 Uncommon trap: trap_request=0xffffffde fr.pc=0x00000000029d8360
Event: 4.413 Thread 0x000000005661b800 DEOPT PACKING pc=0x00000000029d8360 sp=0x00000000573fe740
Event: 4.413 Thread 0x000000005661b800 DEOPT UNPACKING pc=0x000000000277582a sp=0x00000000573fe6d8 mode 2
Event: 4.413 Thread 0x000000005661b800 Uncommon trap: trap_request=0xffffffde fr.pc=0x00000000029d8360
Event: 4.413 Thread 0x000000005661b800 DEOPT PACKING pc=0x00000000029d8360 sp=0x00000000573fe7f0
Event: 4.413 Thread 0x000000005661b800 DEOPT UNPACKING pc=0x000000000277582a sp=0x00000000573fe788 mode 2
Event: 4.413 Thread 0x000000005661b800 Uncommon trap: trap_request=0xffffffde fr.pc=0x00000000029d8360
Event: 4.413 Thread 0x000000005661b800 DEOPT PACKING pc=0x00000000029d8360 sp=0x00000000573fe740
Event: 4.413 Thread 0x000000005661b800 DEOPT UNPACKING pc=0x000000000277582a sp=0x00000000573fe6d8 mode 2


Dynamic libraries:
0x000000013f200000 - 0x000000013f237000 	C:\Program Files\Java\jdk1.8.0_65\bin\java.exe
0x0000000077500000 - 0x00000000776aa000 	C:\Windows\SYSTEM32\ntdll.dll
0x00000000773e0000 - 0x00000000774ff000 	C:\Windows\system32\kernel32.dll
0x000007fefd590000 - 0x000007fefd5fa000 	C:\Windows\system32\KERNELBASE.dll
0x0000000074f50000 - 0x0000000074fd7000 	C:\Windows\System32\SYSFER.DLL
0x000007fefd600000 - 0x000007fefd6db000 	C:\Windows\system32\ADVAPI32.dll
0x000007fefda20000 - 0x000007fefdabf000 	C:\Windows\system32\msvcrt.dll
0x000007fefdbd0000 - 0x000007fefdbef000 	C:\Windows\SYSTEM32\sechost.dll
0x000007fefdbf0000 - 0x000007fefdd1d000 	C:\Windows\system32\RPCRT4.dll
0x00000000772e0000 - 0x00000000773da000 	C:\Windows\system32\USER32.dll
0x000007fefddb0000 - 0x000007fefde17000 	C:\Windows\system32\GDI32.dll
0x000007fefd7b0000 - 0x000007fefd7be000 	C:\Windows\system32\LPK.dll
0x000007fefd6e0000 - 0x000007fefd7aa000 	C:\Windows\system32\USP10.dll
0x000007fefc100000 - 0x000007fefc2f4000 	C:\Windows\WinSxS\amd64_microsoft.windows.common-controls_6595b64144ccf1df_6.0.7601.18837_none_fa3b1e3d17594757\COMCTL32.dll
0x000007fefd9a0000 - 0x000007fefda11000 	C:\Windows\system32\SHLWAPI.dll
0x000007fefdba0000 - 0x000007fefdbce000 	C:\Windows\system32\IMM32.DLL
0x000007fefdf40000 - 0x000007fefe049000 	C:\Windows\system32\MSCTF.dll
0x0000000054f20000 - 0x0000000054ff2000 	C:\Program Files\Java\jdk1.8.0_65\jre\bin\msvcr100.dll
0x00000000702d0000 - 0x0000000070b59000 	C:\Program Files\Java\jdk1.8.0_65\jre\bin\server\jvm.dll
0x000007fefa0a0000 - 0x000007fefa0a9000 	C:\Windows\system32\WSOCK32.dll
0x000007feff2e0000 - 0x000007feff32d000 	C:\Windows\system32\WS2_32.dll
0x000007fefdd80000 - 0x000007fefdd88000 	C:\Windows\system32\NSI.dll
0x000007fefbe70000 - 0x000007fefbeab000 	C:\Windows\system32\WINMM.dll
0x000007fefc590000 - 0x000007fefc59c000 	C:\Windows\system32\VERSION.dll
0x00000000776c0000 - 0x00000000776c7000 	C:\Windows\system32\PSAPI.DLL
0x0000000070fb0000 - 0x0000000070fbf000 	C:\Program Files\Java\jdk1.8.0_65\jre\bin\verify.dll
0x0000000063e10000 - 0x0000000063e39000 	C:\Program Files\Java\jdk1.8.0_65\jre\bin\java.dll
0x0000000070f90000 - 0x0000000070fa6000 	C:\Program Files\Java\jdk1.8.0_65\jre\bin\zip.dll
0x000007fefe050000 - 0x000007fefeddc000 	C:\Windows\system32\SHELL32.dll
0x000007feff600000 - 0x000007feff803000 	C:\Windows\system32\ole32.dll
0x000007fefd240000 - 0x000007fefd24f000 	C:\Windows\system32\profapi.dll

VM Arguments:
jvm_args: -Djava.awt.headless=true -Xmx1024M -Dfile.encoding=windows-1251 -Duser.country=RU -Duser.language=ru -Duser.variant 
java_command: com.android.dx.command.Main --dex --force-jumbo --num-threads=4 --output C:\asp\ShoppingList\app\build\intermediates\pre-dexed\debug\main_5e81ff6eef8869e9c847e0b1fcccb66abeb4d3a2.jar C:\asp\ShoppingList\app\build\intermediates\transforms\instantRun\debug\folders\1\5\main
java_class_path (initial): C:\Users\avtseben\AppData\Local\Android\Sdk\build-tools\23.0.2\lib\dx.jar
Launcher Type: SUN_STANDARD

Environment Variables:
PATH=C:\Program Files\Broadcom\Broadcom 802.11;c:\Program Files (x86)\Intel\iCLS Client\;c:\Program Files\Intel\iCLS Client\;C:\ProgramData\Oracle\Java\javapath;C:\Windows\system32;C:\Windows;C:\Windows\System32\Wbem;C:\Windows\System32\WindowsPowerShell\v1.0\;C:\Program Files\Intel\Intel(R) Management Engine Components\DAL;C:\Program Files\Intel\Intel(R) Management Engine Components\IPT;C:\Program Files (x86)\Intel\Intel(R) Management Engine Components\DAL;C:\Program Files (x86)\Intel\Intel(R) Management Engine Components\IPT;c:\Program Files\WIDCOMM\Bluetooth Software\;c:\Program Files\WIDCOMM\Bluetooth Software\syswow64;C:\Program Files (x86)\Hewlett-Packard\HP ProtectTools Security Manager\Bin\;C:\Program Files (x86)\Brackets\command;C:\Program Files (x86)\Skype\Phone\;C:\Program Files\OpenVPN\bin;C:\androidSDK\platform-tools\;C:\Program Files\Broadcom\Broadcom 802.11;c:\Program Files (x86)\Intel\iCLS Client\;c:\Program Files\Intel\iCLS Client\;C:\ProgramData\Oracle\Java\javapath;C:\Windows\system32;C:\Windows;C:\Windows\System32\Wbem;C:\Windows\System32\WindowsPowerShell\v1.0\;C:\Program Files\Intel\Intel(R) Management Engine Components\DAL;C:\Program Files\Intel\Intel(R) Management Engine Components\IPT;C:\Program Files (x86)\Intel\Intel(R) Management Engine Components\DAL;C:\Program Files (x86)\Intel\Intel(R) Management Engine Components\IPT;c:\Program Files\WIDCOMM\Bluetooth Software\;c:\Program Files\WIDCOMM\Bluetooth Software\syswow64;C:\Program Files (x86)\Hewlett-Packard\HP ProtectTools Security Manager\Bin\;C:\Program Files (x86)\Brackets\command;C:\Program Files (x86)\Skype\Phone\;C:\Program Files (x86)\ufs2tools-0.8\ufs2tools\;C:\Program Files\Git\bin\;C:\androidSDK\platform-tools
USERNAME=avtseben
OS=Windows_NT
PROCESSOR_IDENTIFIER=Intel64 Family 6 Model 58 Stepping 9, GenuineIntel



---------------  S Y S T E M  ---------------

OS: Windows 7 , 64 bit Build 7601 (6.1.7601.23418)

CPU:total 4 (2 cores per cpu, 2 threads per core) family 6 model 58 stepping 9, cmov, cx8, fxsr, mmx, sse, sse2, sse3, ssse3, sse4.1, sse4.2, popcnt, avx, aes, clmul, erms, ht, tsc, tscinvbit, tscinv

Memory: 4k page, physical 4056748k(120220k free), swap 5581188k(5052k free)

vm_info: Java HotSpot(TM) 64-Bit Server VM (25.65-b01) for windows-amd64 JRE (1.8.0_65-b17), built on Oct  6 2015 16:39:20 by "java_re" with MS VC++ 10.0 (VS2010)

time: Mon Jul 18 22:29:28 2016
elapsed time: 4 seconds (0d 0h 0m 4s)

